# JRE version: OpenJDK Runtime Environment Temurin-21.0.8+9 (21.0.8+9) (build 21.0.8+9-LTS)
# Java VM: OpenJDK 64-Bit Server VM Temurin-21.0.8+9 (21.0.8+9-LTS, mixed mode, sharing, tiered, compressed oops, compressed class ptrs, parallel gc, windows-amd64)
GC Precious Log:
 CardTable entry size: 512
 CPUs: 12 total, 12 available
 Memory: 7381M
 Large Page Support: Disabled
 NUMA Support: Disabled
 Compressed Oops: Enabled (32-bit)
 Alignments: Space 512K, Generation 512K, Heap 2M
 Heap Min Capacity: 100M
 Heap Initial Capacity: 100M
 Heap Max Capacity: 2G
 Pre-touch: Disabled
 Parallel Workers: 10
Heap:
 PSYoungGen      total 17920K, used 10330K [0x00000000d5580000, 0x00000000d6f00000, 0x0000000100000000)
  eden space 16896K, 55% used [0x00000000d5580000,0x00000000d5ea32a8,0x00000000d6600000)
  from space 1024K, 97% used [0x00000000d6600000,0x00000000d66f9c00,0x00000000d6700000)
  to   space 4608K, 0% used [0x00000000d6a80000,0x00000000d6a80000,0x00000000d6f00000)
 ParOldGen       total 68608K, used 50186K [0x0000000080000000, 0x0000000084300000, 0x00000000d5580000)
  object space 68608K, 73% used [0x0000000080000000,0x0000000083102820,0x0000000084300000)
 Metaspace       used 57038K, committed 58432K, reserved 1114112K
  class space    used 6170K, committed 6784K, reserved 1048576K
GC Heap History (20 events):
Event: 7.664 GC heap before
{Heap before GC invocations=28 (full 2):
 PSYoungGen      total 19968K, used 19744K [0x00000000d5580000, 0x00000000d6c00000, 0x0000000100000000)
  eden space 17920K, 100% used [0x00000000d5580000,0x00000000d6700000,0x00000000d6700000)
  from space 2048K, 89% used [0x00000000d6700000,0x00000000d68c8000,0x00000000d6900000)
  to   space 2560K, 0% used [0x00000000d6980000,0x00000000d6980000,0x00000000d6c00000)
 ParOldGen       total 68608K, used 37239K [0x0000000080000000, 0x0000000084300000, 0x00000000d5580000)
  object space 68608K, 54% used [0x0000000080000000,0x000000008245de50,0x0000000084300000)
 Metaspace       used 48810K, committed 50240K, reserved 1114112K
  class space    used 5333K, committed 5952K, reserved 1048576K
}
Event: 7.667 GC heap after
{Heap after GC invocations=28 (full 2):
 PSYoungGen      total 19968K, used 1860K [0x00000000d5580000, 0x00000000d6b80000, 0x0000000100000000)
  eden space 17920K, 0% used [0x00000000d5580000,0x00000000d5580000,0x00000000d6700000)
  from space 2048K, 90% used [0x00000000d6980000,0x00000000d6b51000,0x00000000d6b80000)
  to   space 2048K, 0% used [0x00000000d6700000,0x00000000d6700000,0x00000000d6900000)
 ParOldGen       total 68608K, used 38870K [0x0000000080000000, 0x0000000084300000, 0x00000000d5580000)
  object space 68608K, 56% used [0x0000000080000000,0x00000000825f5800,0x0000000084300000)
 Metaspace       used 48810K, committed 50240K, reserved 1114112K
  class space    used 5333K, committed 5952K, reserved 1048576K
}
Event: 7.725 GC heap before
{Heap before GC invocations=29 (full 2):
 PSYoungGen      total 19968K, used 19780K [0x00000000d5580000, 0x00000000d6b80000, 0x0000000100000000)
  eden space 17920K, 100% used [0x00000000d5580000,0x00000000d6700000,0x00000000d6700000)
  from space 2048K, 90% used [0x00000000d6980000,0x00000000d6b51000,0x00000000d6b80000)
  to   space 2048K, 0% used [0x00000000d6700000,0x00000000d6700000,0x00000000d6900000)
 ParOldGen       total 68608K, used 38870K [0x0000000080000000, 0x0000000084300000, 0x00000000d5580000)
  object space 68608K, 56% used [0x0000000080000000,0x00000000825f5800,0x0000000084300000)
 Metaspace       used 48843K, committed 50304K, reserved 1114112K
  class space    used 5336K, committed 5952K, reserved 1048576K
}
Event: 7.728 GC heap after
{Heap after GC invocations=29 (full 2):
 PSYoungGen      total 19968K, used 1824K [0x00000000d5580000, 0x00000000d6b00000, 0x0000000100000000)
  eden space 17920K, 0% used [0x00000000d5580000,0x00000000d5580000,0x00000000d6700000)
  from space 2048K, 89% used [0x00000000d6700000,0x00000000d68c8010,0x00000000d6900000)
  to   space 2048K, 0% used [0x00000000d6900000,0x00000000d6900000,0x00000000d6b00000)
 ParOldGen       total 68608K, used 40580K [0x0000000080000000, 0x0000000084300000, 0x00000000d5580000)
  object space 68608K, 59% used [0x0000000080000000,0x00000000827a1018,0x0000000084300000)
 Metaspace       used 48843K, committed 50304K, reserved 1114112K
  class space    used 5336K, committed 5952K, reserved 1048576K
}
Event: 7.787 GC heap before
{Heap before GC invocations=30 (full 2):
 PSYoungGen      total 19968K, used 19744K [0x00000000d5580000, 0x00000000d6b00000, 0x0000000100000000)
  eden space 17920K, 100% used [0x00000000d5580000,0x00000000d6700000,0x00000000d6700000)
  from space 2048K, 89% used [0x00000000d6700000,0x00000000d68c8010,0x00000000d6900000)
  to   space 2048K, 0% used [0x00000000d6900000,0x00000000d6900000,0x00000000d6b00000)
 ParOldGen       total 68608K, used 40580K [0x0000000080000000, 0x0000000084300000, 0x00000000d5580000)
  object space 68608K, 59% used [0x0000000080000000,0x00000000827a1018,0x0000000084300000)
 Metaspace       used 48859K, committed 50304K, reserved 1114112K
  class space    used 5336K, committed 5952K, reserved 1048576K
}
Event: 7.791 GC heap after
{Heap after GC invocations=30 (full 2):
 PSYoungGen      total 19968K, used 1624K [0x00000000d5580000, 0x00000000d6b00000, 0x0000000100000000)
  eden space 17920K, 0% used [0x00000000d5580000,0x00000000d5580000,0x00000000d6700000)
  from space 2048K, 79% used [0x00000000d6900000,0x00000000d6a96200,0x00000000d6b00000)
  to   space 2048K, 0% used [0x00000000d6700000,0x00000000d6700000,0x00000000d6900000)
 ParOldGen       total 68608K, used 42316K [0x0000000080000000, 0x0000000084300000, 0x00000000d5580000)
  object space 68608K, 61% used [0x0000000080000000,0x0000000082953028,0x0000000084300000)
 Metaspace       used 48859K, committed 50304K, reserved 1114112K
  class space    used 5336K, committed 5952K, reserved 1048576K
}
Event: 7.896 GC heap before
{Heap before GC invocations=31 (full 2):
 PSYoungGen      total 19968K, used 19544K [0x00000000d5580000, 0x00000000d6b00000, 0x0000000100000000)
  eden space 17920K, 100% used [0x00000000d5580000,0x00000000d6700000,0x00000000d6700000)
  from space 2048K, 79% used [0x00000000d6900000,0x00000000d6a96200,0x00000000d6b00000)
  to   space 2048K, 0% used [0x00000000d6700000,0x00000000d6700000,0x00000000d6900000)
 ParOldGen       total 68608K, used 42316K [0x0000000080000000, 0x0000000084300000, 0x00000000d5580000)
  object space 68608K, 61% used [0x0000000080000000,0x0000000082953028,0x0000000084300000)
 Metaspace       used 49161K, committed 50624K, reserved 1114112K
  class space    used 5376K, committed 6016K, reserved 1048576K
}
Event: 7.900 GC heap after
{Heap after GC invocations=31 (full 2):
 PSYoungGen      total 19456K, used 1440K [0x00000000d5580000, 0x00000000d6a00000, 0x0000000100000000)
  eden space 17920K, 0% used [0x00000000d5580000,0x00000000d5580000,0x00000000d6700000)
  from space 1536K, 93% used [0x00000000d6700000,0x00000000d6868000,0x00000000d6880000)
  to   space 1536K, 0% used [0x00000000d6880000,0x00000000d6880000,0x00000000d6a00000)
 ParOldGen       total 68608K, used 43828K [0x0000000080000000, 0x0000000084300000, 0x00000000d5580000)
  object space 68608K, 63% used [0x0000000080000000,0x0000000082acd228,0x0000000084300000)
 Metaspace       used 49161K, committed 50624K, reserved 1114112K
  class space    used 5376K, committed 6016K, reserved 1048576K
}
Event: 8.293 GC heap before
{Heap before GC invocations=32 (full 2):
 PSYoungGen      total 19456K, used 19360K [0x00000000d5580000, 0x00000000d6a00000, 0x0000000100000000)
  eden space 17920K, 100% used [0x00000000d5580000,0x00000000d6700000,0x00000000d6700000)
  from space 1536K, 93% used [0x00000000d6700000,0x00000000d6868000,0x00000000d6880000)
  to   space 1536K, 0% used [0x00000000d6880000,0x00000000d6880000,0x00000000d6a00000)
 ParOldGen       total 68608K, used 43828K [0x0000000080000000, 0x0000000084300000, 0x00000000d5580000)
  object space 68608K, 63% used [0x0000000080000000,0x0000000082acd228,0x0000000084300000)
 Metaspace       used 50830K, committed 52224K, reserved 1114112K
  class space    used 5601K, committed 6208K, reserved 1048576K
}
Event: 8.296 GC heap after
{Heap after GC invocations=32 (full 2):
 PSYoungGen      total 19456K, used 776K [0x00000000d5580000, 0x00000000d6a00000, 0x0000000100000000)
  eden space 17920K, 0% used [0x00000000d5580000,0x00000000d5580000,0x00000000d6700000)
  from space 1536K, 50% used [0x00000000d6880000,0x00000000d6942220,0x00000000d6a00000)
  to   space 1536K, 0% used [0x00000000d6700000,0x00000000d6700000,0x00000000d6880000)
 ParOldGen       total 68608K, used 45093K [0x0000000080000000, 0x0000000084300000, 0x00000000d5580000)
  object space 68608K, 65% used [0x0000000080000000,0x0000000082c094d0,0x0000000084300000)
 Metaspace       used 50830K, committed 52224K, reserved 1114112K
  class space    used 5601K, committed 6208K, reserved 1048576K
}
Event: 8.684 GC heap before
{Heap before GC invocations=33 (full 2):
 PSYoungGen      total 19456K, used 18696K [0x00000000d5580000, 0x00000000d6a00000, 0x0000000100000000)
  eden space 17920K, 100% used [0x00000000d5580000,0x00000000d6700000,0x00000000d6700000)
  from space 1536K, 50% used [0x00000000d6880000,0x00000000d6942220,0x00000000d6a00000)
  to   space 1536K, 0% used [0x00000000d6700000,0x00000000d6700000,0x00000000d6880000)
 ParOldGen       total 68608K, used 45093K [0x0000000080000000, 0x0000000084300000, 0x00000000d5580000)
  object space 68608K, 65% used [0x0000000080000000,0x0000000082c094d0,0x0000000084300000)
 Metaspace       used 51771K, committed 53248K, reserved 1114112K
  class space    used 5697K, committed 6336K, reserved 1048576K
}
Event: 8.685 GC heap after
{Heap after GC invocations=33 (full 2):
 PSYoungGen      total 18432K, used 469K [0x00000000d5580000, 0x00000000d6900000, 0x0000000100000000)
  eden space 17920K, 0% used [0x00000000d5580000,0x00000000d5580000,0x00000000d6700000)
  from space 512K, 91% used [0x00000000d6700000,0x00000000d67757e0,0x00000000d6780000)
  to   space 1024K, 0% used [0x00000000d6800000,0x00000000d6800000,0x00000000d6900000)
 ParOldGen       total 68608K, used 45680K [0x0000000080000000, 0x0000000084300000, 0x00000000d5580000)
  object space 68608K, 66% used [0x0000000080000000,0x0000000082c9c0d8,0x0000000084300000)
 Metaspace       used 51771K, committed 53248K, reserved 1114112K
  class space    used 5697K, committed 6336K, reserved 1048576K
}
Event: 8.921 GC heap before
{Heap before GC invocations=34 (full 2):
 PSYoungGen      total 18432K, used 18389K [0x00000000d5580000, 0x00000000d6900000, 0x0000000100000000)
  eden space 17920K, 100% used [0x00000000d5580000,0x00000000d6700000,0x00000000d6700000)
  from space 512K, 91% used [0x00000000d6700000,0x00000000d67757e0,0x00000000d6780000)
  to   space 1024K, 0% used [0x00000000d6800000,0x00000000d6800000,0x00000000d6900000)
 ParOldGen       total 68608K, used 45680K [0x0000000080000000, 0x0000000084300000, 0x00000000d5580000)
  object space 68608K, 66% used [0x0000000080000000,0x0000000082c9c0d8,0x0000000084300000)
 Metaspace       used 52878K, committed 54336K, reserved 1114112K
  class space    used 5803K, committed 6464K, reserved 1048576K
}
Event: 8.924 GC heap after
{Heap after GC invocations=34 (full 2):
 PSYoungGen      total 17920K, used 1020K [0x00000000d5580000, 0x00000000d6b00000, 0x0000000100000000)
  eden space 16896K, 0% used [0x00000000d5580000,0x00000000d5580000,0x00000000d6600000)
  from space 1024K, 99% used [0x00000000d6800000,0x00000000d68ff228,0x00000000d6900000)
  to   space 2048K, 0% used [0x00000000d6600000,0x00000000d6600000,0x00000000d6800000)
 ParOldGen       total 68608K, used 46446K [0x0000000080000000, 0x0000000084300000, 0x00000000d5580000)
  object space 68608K, 67% used [0x0000000080000000,0x0000000082d5b9c8,0x0000000084300000)
 Metaspace       used 52878K, committed 54336K, reserved 1114112K
  class space    used 5803K, committed 6464K, reserved 1048576K
}
Event: 8.978 GC heap before
{Heap before GC invocations=35 (full 2):
 PSYoungGen      total 17920K, used 17916K [0x00000000d5580000, 0x00000000d6b00000, 0x0000000100000000)
  eden space 16896K, 100% used [0x00000000d5580000,0x00000000d6600000,0x00000000d6600000)
  from space 1024K, 99% used [0x00000000d6800000,0x00000000d68ff228,0x00000000d6900000)
  to   space 2048K, 0% used [0x00000000d6600000,0x00000000d6600000,0x00000000d6800000)
 ParOldGen       total 68608K, used 46446K [0x0000000080000000, 0x0000000084300000, 0x00000000d5580000)
  object space 68608K, 67% used [0x0000000080000000,0x0000000082d5b9c8,0x0000000084300000)
 Metaspace       used 52897K, committed 54336K, reserved 1114112K
  class space    used 5803K, committed 6464K, reserved 1048576K
}
Event: 8.980 GC heap after
{Heap after GC invocations=35 (full 2):
 PSYoungGen      total 18432K, used 1065K [0x00000000d5580000, 0x00000000d6900000, 0x0000000100000000)
  eden space 16896K, 0% used [0x00000000d5580000,0x00000000d5580000,0x00000000d6600000)
  from space 1536K, 69% used [0x00000000d6600000,0x00000000d670a798,0x00000000d6780000)
  to   space 1536K, 0% used [0x00000000d6780000,0x00000000d6780000,0x00000000d6900000)
 ParOldGen       total 68608K, used 47299K [0x0000000080000000, 0x0000000084300000, 0x00000000d5580000)
  object space 68608K, 68% used [0x0000000080000000,0x0000000082e30c30,0x0000000084300000)
 Metaspace       used 52897K, committed 54336K, reserved 1114112K
  class space    used 5803K, committed 6464K, reserved 1048576K
}
Event: 9.074 GC heap before
{Heap before GC invocations=36 (full 2):
 PSYoungGen      total 18432K, used 17922K [0x00000000d5580000, 0x00000000d6900000, 0x0000000100000000)
  eden space 16896K, 99% used [0x00000000d5580000,0x00000000d65f6130,0x00000000d6600000)
  from space 1536K, 69% used [0x00000000d6600000,0x00000000d670a798,0x00000000d6780000)
  to   space 1536K, 0% used [0x00000000d6780000,0x00000000d6780000,0x00000000d6900000)
 ParOldGen       total 68608K, used 47299K [0x0000000080000000, 0x0000000084300000, 0x00000000d5580000)
  object space 68608K, 68% used [0x0000000080000000,0x0000000082e30c30,0x0000000084300000)
 Metaspace       used 54269K, committed 55744K, reserved 1114112K
  class space    used 5895K, committed 6592K, reserved 1048576K
}
Event: 9.076 GC heap after
{Heap after GC invocations=36 (full 2):
 PSYoungGen      total 17408K, used 474K [0x00000000d5580000, 0x00000000d6800000, 0x0000000100000000)
  eden space 16896K, 0% used [0x00000000d5580000,0x00000000d5580000,0x00000000d6600000)
  from space 512K, 92% used [0x00000000d6780000,0x00000000d67f6870,0x00000000d6800000)
  to   space 1024K, 0% used [0x00000000d6600000,0x00000000d6600000,0x00000000d6700000)
 ParOldGen       total 68608K, used 47411K [0x0000000080000000, 0x0000000084300000, 0x00000000d5580000)
  object space 68608K, 69% used [0x0000000080000000,0x0000000082e4cc30,0x0000000084300000)
 Metaspace       used 54269K, committed 55744K, reserved 1114112K
  class space    used 5895K, committed 6592K, reserved 1048576K
}
Event: 10.444 GC heap before
{Heap before GC invocations=37 (full 2):
 PSYoungGen      total 17408K, used 17370K [0x00000000d5580000, 0x00000000d6800000, 0x0000000100000000)
  eden space 16896K, 100% used [0x00000000d5580000,0x00000000d6600000,0x00000000d6600000)
  from space 512K, 92% used [0x00000000d6780000,0x00000000d67f6870,0x00000000d6800000)
  to   space 1024K, 0% used [0x00000000d6600000,0x00000000d6600000,0x00000000d6700000)
 ParOldGen       total 68608K, used 47411K [0x0000000080000000, 0x0000000084300000, 0x00000000d5580000)
  object space 68608K, 69% used [0x0000000080000000,0x0000000082e4cc30,0x0000000084300000)
 Metaspace       used 55914K, committed 57408K, reserved 1114112K
  class space    used 6062K, committed 6720K, reserved 1048576K
}
Event: 10.448 GC heap after
{Heap after GC invocations=37 (full 2):
 PSYoungGen      total 17920K, used 999K [0x00000000d5580000, 0x00000000d6f00000, 0x0000000100000000)
  eden space 16896K, 0% used [0x00000000d5580000,0x00000000d5580000,0x00000000d6600000)
  from space 1024K, 97% used [0x00000000d6600000,0x00000000d66f9c00,0x00000000d6700000)
  to   space 4608K, 0% used [0x00000000d6a80000,0x00000000d6a80000,0x00000000d6f00000)
 ParOldGen       total 68608K, used 50186K [0x0000000080000000, 0x0000000084300000, 0x00000000d5580000)
  object space 68608K, 73% used [0x0000000080000000,0x0000000083102820,0x0000000084300000)
 Metaspace       used 55914K, committed 57408K, reserved 1114112K
  class space    used 6062K, committed 6720K, reserved 1048576K
}

