# JRE version: OpenJDK Runtime Environment Temurin-21.0.8+9 (21.0.8+9) (build 21.0.8+9-LTS)
# Java VM: OpenJDK 64-Bit Server VM Temurin-21.0.8+9 (21.0.8+9-LTS, mixed mode, sharing, tiered, compressed oops, compressed class ptrs, parallel gc, windows-amd64)
GC Precious Log:
 CardTable entry size: 512
 CPUs: 12 total, 12 available
 Memory: 7381M
 Large Page Support: Disabled
 NUMA Support: Disabled
 Compressed Oops: Enabled (32-bit)
 Alignments: Space 512K, Generation 512K, Heap 2M
 Heap Min Capacity: 100M
 Heap Initial Capacity: 100M
 Heap Max Capacity: 2G
 Pre-touch: Disabled
 Parallel Workers: 10
Heap:
 PSYoungGen      total 22016K, used 992K [0x00000000d5580000, 0x00000000d6c80000, 0x0000000100000000)
  eden space 20992K, 0% used [0x00000000d5580000,0x00000000d5580000,0x00000000d6a00000)
  from space 1024K, 96% used [0x00000000d6b80000,0x00000000d6c78020,0x00000000d6c80000)
  to   space 1024K, 0% used [0x00000000d6a80000,0x00000000d6a80000,0x00000000d6b80000)
 ParOldGen       total 68608K, used 49522K [0x0000000080000000, 0x0000000084300000, 0x00000000d5580000)
  object space 68608K, 72% used [0x0000000080000000,0x000000008305cac8,0x0000000084300000)
 Metaspace       used 58395K, committed 59776K, reserved 1114112K
  class space    used 6306K, committed 6912K, reserved 1048576K
GC Heap History (20 events):
Event: 30.597 GC heap before
{Heap before GC invocations=26 (full 2):
 PSYoungGen      total 25600K, used 24610K [0x00000000d5580000, 0x00000000d7200000, 0x0000000100000000)
  eden space 22016K, 100% used [0x00000000d5580000,0x00000000d6b00000,0x00000000d6b00000)
  from space 3584K, 72% used [0x00000000d6b00000,0x00000000d6d88880,0x00000000d6e80000)
  to   space 3072K, 0% used [0x00000000d6f00000,0x00000000d6f00000,0x00000000d7200000)
 ParOldGen       total 68608K, used 35426K [0x0000000080000000, 0x0000000084300000, 0x00000000d5580000)
  object space 68608K, 51% used [0x0000000080000000,0x0000000082298880,0x0000000084300000)
 Metaspace       used 48991K, committed 50368K, reserved 1114112K
  class space    used 5367K, committed 6016K, reserved 1048576K
}
Event: 30.601 GC heap after
{Heap after GC invocations=26 (full 2):
 PSYoungGen      total 24576K, used 2208K [0x00000000d5580000, 0x00000000d7180000, 0x0000000100000000)
  eden space 22016K, 0% used [0x00000000d5580000,0x00000000d5580000,0x00000000d6b00000)
  from space 2560K, 86% used [0x00000000d6f00000,0x00000000d7128000,0x00000000d7180000)
  to   space 2560K, 0% used [0x00000000d6c80000,0x00000000d6c80000,0x00000000d6f00000)
 ParOldGen       total 68608K, used 37845K [0x0000000080000000, 0x0000000084300000, 0x00000000d5580000)
  object space 68608K, 55% used [0x0000000080000000,0x00000000824f5700,0x0000000084300000)
 Metaspace       used 48991K, committed 50368K, reserved 1114112K
  class space    used 5367K, committed 6016K, reserved 1048576K
}
Event: 30.655 GC heap before
{Heap before GC invocations=27 (full 2):
 PSYoungGen      total 24576K, used 24224K [0x00000000d5580000, 0x00000000d7180000, 0x0000000100000000)
  eden space 22016K, 100% used [0x00000000d5580000,0x00000000d6b00000,0x00000000d6b00000)
  from space 2560K, 86% used [0x00000000d6f00000,0x00000000d7128000,0x00000000d7180000)
  to   space 2560K, 0% used [0x00000000d6c80000,0x00000000d6c80000,0x00000000d6f00000)
 ParOldGen       total 68608K, used 37845K [0x0000000080000000, 0x0000000084300000, 0x00000000d5580000)
  object space 68608K, 55% used [0x0000000080000000,0x00000000824f5700,0x0000000084300000)
 Metaspace       used 49007K, committed 50368K, reserved 1114112K
  class space    used 5367K, committed 6016K, reserved 1048576K
}
Event: 30.659 GC heap after
{Heap after GC invocations=27 (full 2):
 PSYoungGen      total 24576K, used 2308K [0x00000000d5580000, 0x00000000d7000000, 0x0000000100000000)
  eden space 22016K, 0% used [0x00000000d5580000,0x00000000d5580000,0x00000000d6b00000)
  from space 2560K, 90% used [0x00000000d6c80000,0x00000000d6ec1000,0x00000000d6f00000)
  to   space 1024K, 0% used [0x00000000d6f00000,0x00000000d6f00000,0x00000000d7000000)
 ParOldGen       total 68608K, used 39871K [0x0000000080000000, 0x0000000084300000, 0x00000000d5580000)
  object space 68608K, 58% used [0x0000000080000000,0x00000000826efdc0,0x0000000084300000)
 Metaspace       used 49007K, committed 50368K, reserved 1114112K
  class space    used 5367K, committed 6016K, reserved 1048576K
}
Event: 30.731 GC heap before
{Heap before GC invocations=28 (full 2):
 PSYoungGen      total 24576K, used 24324K [0x00000000d5580000, 0x00000000d7000000, 0x0000000100000000)
  eden space 22016K, 100% used [0x00000000d5580000,0x00000000d6b00000,0x00000000d6b00000)
  from space 2560K, 90% used [0x00000000d6c80000,0x00000000d6ec1000,0x00000000d6f00000)
  to   space 1024K, 0% used [0x00000000d6f00000,0x00000000d6f00000,0x00000000d7000000)
 ParOldGen       total 68608K, used 39871K [0x0000000080000000, 0x0000000084300000, 0x00000000d5580000)
  object space 68608K, 58% used [0x0000000080000000,0x00000000826efdc0,0x0000000084300000)
 Metaspace       used 49083K, committed 50432K, reserved 1114112K
  class space    used 5369K, committed 6016K, reserved 1048576K
}
Event: 30.737 GC heap after
{Heap after GC invocations=28 (full 2):
 PSYoungGen      total 22016K, used 1024K [0x00000000d5580000, 0x00000000d7500000, 0x0000000100000000)
  eden space 20992K, 0% used [0x00000000d5580000,0x00000000d5580000,0x00000000d6a00000)
  from space 1024K, 100% used [0x00000000d6f00000,0x00000000d7000000,0x00000000d7000000)
  to   space 5120K, 0% used [0x00000000d6a00000,0x00000000d6a00000,0x00000000d6f00000)
 ParOldGen       total 68608K, used 43129K [0x0000000080000000, 0x0000000084300000, 0x00000000d5580000)
  object space 68608K, 62% used [0x0000000080000000,0x0000000082a1e418,0x0000000084300000)
 Metaspace       used 49083K, committed 50432K, reserved 1114112K
  class space    used 5369K, committed 6016K, reserved 1048576K
}
Event: 30.803 GC heap before
{Heap before GC invocations=29 (full 2):
 PSYoungGen      total 22016K, used 22016K [0x00000000d5580000, 0x00000000d7500000, 0x0000000100000000)
  eden space 20992K, 100% used [0x00000000d5580000,0x00000000d6a00000,0x00000000d6a00000)
  from space 1024K, 100% used [0x00000000d6f00000,0x00000000d7000000,0x00000000d7000000)
  to   space 5120K, 0% used [0x00000000d6a00000,0x00000000d6a00000,0x00000000d6f00000)
 ParOldGen       total 68608K, used 43129K [0x0000000080000000, 0x0000000084300000, 0x00000000d5580000)
  object space 68608K, 62% used [0x0000000080000000,0x0000000082a1e418,0x0000000084300000)
 Metaspace       used 49201K, committed 50560K, reserved 1114112K
  class space    used 5371K, committed 6016K, reserved 1048576K
}
Event: 30.805 GC heap after
{Heap after GC invocations=29 (full 2):
 PSYoungGen      total 23040K, used 2008K [0x00000000d5580000, 0x00000000d7000000, 0x0000000100000000)
  eden space 20992K, 0% used [0x00000000d5580000,0x00000000d5580000,0x00000000d6a00000)
  from space 2048K, 98% used [0x00000000d6a00000,0x00000000d6bf6200,0x00000000d6c00000)
  to   space 3072K, 0% used [0x00000000d6d00000,0x00000000d6d00000,0x00000000d7000000)
 ParOldGen       total 68608K, used 44201K [0x0000000080000000, 0x0000000084300000, 0x00000000d5580000)
  object space 68608K, 64% used [0x0000000080000000,0x0000000082b2a418,0x0000000084300000)
 Metaspace       used 49201K, committed 50560K, reserved 1114112K
  class space    used 5371K, committed 6016K, reserved 1048576K
}
Event: 31.118 GC heap before
{Heap before GC invocations=30 (full 2):
 PSYoungGen      total 23040K, used 23000K [0x00000000d5580000, 0x00000000d7000000, 0x0000000100000000)
  eden space 20992K, 100% used [0x00000000d5580000,0x00000000d6a00000,0x00000000d6a00000)
  from space 2048K, 98% used [0x00000000d6a00000,0x00000000d6bf6200,0x00000000d6c00000)
  to   space 3072K, 0% used [0x00000000d6d00000,0x00000000d6d00000,0x00000000d7000000)
 ParOldGen       total 68608K, used 44202K [0x0000000080000000, 0x0000000084300000, 0x00000000d5580000)
  object space 68608K, 64% used [0x0000000080000000,0x0000000082b2aac0,0x0000000084300000)
 Metaspace       used 50612K, committed 51968K, reserved 1114112K
  class space    used 5557K, committed 6208K, reserved 1048576K
}
Event: 31.124 GC heap after
{Heap after GC invocations=30 (full 2):
 PSYoungGen      total 22528K, used 1285K [0x00000000d5580000, 0x00000000d6e80000, 0x0000000100000000)
  eden space 20992K, 0% used [0x00000000d5580000,0x00000000d5580000,0x00000000d6a00000)
  from space 1536K, 83% used [0x00000000d6d00000,0x00000000d6e41558,0x00000000d6e80000)
  to   space 2048K, 0% used [0x00000000d6a80000,0x00000000d6a80000,0x00000000d6c80000)
 ParOldGen       total 68608K, used 46003K [0x0000000080000000, 0x0000000084300000, 0x00000000d5580000)
  object space 68608K, 67% used [0x0000000080000000,0x0000000082ceccc0,0x0000000084300000)
 Metaspace       used 50612K, committed 51968K, reserved 1114112K
  class space    used 5557K, committed 6208K, reserved 1048576K
}
Event: 31.587 GC heap before
{Heap before GC invocations=31 (full 2):
 PSYoungGen      total 22528K, used 22277K [0x00000000d5580000, 0x00000000d6e80000, 0x0000000100000000)
  eden space 20992K, 100% used [0x00000000d5580000,0x00000000d6a00000,0x00000000d6a00000)
  from space 1536K, 83% used [0x00000000d6d00000,0x00000000d6e41558,0x00000000d6e80000)
  to   space 2048K, 0% used [0x00000000d6a80000,0x00000000d6a80000,0x00000000d6c80000)
 ParOldGen       total 68608K, used 46069K [0x0000000080000000, 0x0000000084300000, 0x00000000d5580000)
  object space 68608K, 67% used [0x0000000080000000,0x0000000082cfd400,0x0000000084300000)
 Metaspace       used 52119K, committed 53440K, reserved 1114112K
  class space    used 5700K, committed 6336K, reserved 1048576K
}
Event: 31.589 GC heap after
{Heap after GC invocations=31 (full 2):
 PSYoungGen      total 23040K, used 480K [0x00000000d5580000, 0x00000000d6d80000, 0x0000000100000000)
  eden space 20992K, 0% used [0x00000000d5580000,0x00000000d5580000,0x00000000d6a00000)
  from space 2048K, 23% used [0x00000000d6a80000,0x00000000d6af8000,0x00000000d6c80000)
  to   space 1024K, 0% used [0x00000000d6c80000,0x00000000d6c80000,0x00000000d6d80000)
 ParOldGen       total 68608K, used 47259K [0x0000000080000000, 0x0000000084300000, 0x00000000d5580000)
  object space 68608K, 68% used [0x0000000080000000,0x0000000082e26f70,0x0000000084300000)
 Metaspace       used 52119K, committed 53440K, reserved 1114112K
  class space    used 5700K, committed 6336K, reserved 1048576K
}
Event: 31.944 GC heap before
{Heap before GC invocations=32 (full 2):
 PSYoungGen      total 23040K, used 21407K [0x00000000d5580000, 0x00000000d6d80000, 0x0000000100000000)
  eden space 20992K, 99% used [0x00000000d5580000,0x00000000d69efe38,0x00000000d6a00000)
  from space 2048K, 23% used [0x00000000d6a80000,0x00000000d6af8000,0x00000000d6c80000)
  to   space 1024K, 0% used [0x00000000d6c80000,0x00000000d6c80000,0x00000000d6d80000)
 ParOldGen       total 68608K, used 47259K [0x0000000080000000, 0x0000000084300000, 0x00000000d5580000)
  object space 68608K, 68% used [0x0000000080000000,0x0000000082e26f70,0x0000000084300000)
 Metaspace       used 53665K, committed 55104K, reserved 1114112K
  class space    used 5852K, committed 6528K, reserved 1048576K
}
Event: 31.946 GC heap after
{Heap after GC invocations=32 (full 2):
 PSYoungGen      total 22016K, used 1005K [0x00000000d5580000, 0x00000000d6d80000, 0x0000000100000000)
  eden space 20992K, 0% used [0x00000000d5580000,0x00000000d5580000,0x00000000d6a00000)
  from space 1024K, 98% used [0x00000000d6c80000,0x00000000d6d7b6f0,0x00000000d6d80000)
  to   space 1536K, 0% used [0x00000000d6a80000,0x00000000d6a80000,0x00000000d6c00000)
 ParOldGen       total 68608K, used 47595K [0x0000000080000000, 0x0000000084300000, 0x00000000d5580000)
  object space 68608K, 69% used [0x0000000080000000,0x0000000082e7af70,0x0000000084300000)
 Metaspace       used 53665K, committed 55104K, reserved 1114112K
  class space    used 5852K, committed 6528K, reserved 1048576K
}
Event: 32.010 GC heap before
{Heap before GC invocations=33 (full 2):
 PSYoungGen      total 22016K, used 21997K [0x00000000d5580000, 0x00000000d6d80000, 0x0000000100000000)
  eden space 20992K, 100% used [0x00000000d5580000,0x00000000d6a00000,0x00000000d6a00000)
  from space 1024K, 98% used [0x00000000d6c80000,0x00000000d6d7b6f0,0x00000000d6d80000)
  to   space 1536K, 0% used [0x00000000d6a80000,0x00000000d6a80000,0x00000000d6c00000)
 ParOldGen       total 68608K, used 47595K [0x0000000080000000, 0x0000000084300000, 0x00000000d5580000)
  object space 68608K, 69% used [0x0000000080000000,0x0000000082e7af70,0x0000000084300000)
 Metaspace       used 53691K, committed 55104K, reserved 1114112K
  class space    used 5852K, committed 6528K, reserved 1048576K
}
Event: 32.012 GC heap after
{Heap after GC invocations=33 (full 2):
 PSYoungGen      total 22528K, used 653K [0x00000000d5580000, 0x00000000d6d00000, 0x0000000100000000)
  eden space 20992K, 0% used [0x00000000d5580000,0x00000000d5580000,0x00000000d6a00000)
  from space 1536K, 42% used [0x00000000d6a80000,0x00000000d6b235d0,0x00000000d6c00000)
  to   space 1024K, 0% used [0x00000000d6c00000,0x00000000d6c00000,0x00000000d6d00000)
 ParOldGen       total 68608K, used 48529K [0x0000000080000000, 0x0000000084300000, 0x00000000d5580000)
  object space 68608K, 70% used [0x0000000080000000,0x0000000082f64660,0x0000000084300000)
 Metaspace       used 53691K, committed 55104K, reserved 1114112K
  class space    used 5852K, committed 6528K, reserved 1048576K
}
Event: 32.139 GC heap before
{Heap before GC invocations=34 (full 2):
 PSYoungGen      total 22528K, used 21645K [0x00000000d5580000, 0x00000000d6d00000, 0x0000000100000000)
  eden space 20992K, 100% used [0x00000000d5580000,0x00000000d6a00000,0x00000000d6a00000)
  from space 1536K, 42% used [0x00000000d6a80000,0x00000000d6b235d0,0x00000000d6c00000)
  to   space 1024K, 0% used [0x00000000d6c00000,0x00000000d6c00000,0x00000000d6d00000)
 ParOldGen       total 68608K, used 48529K [0x0000000080000000, 0x0000000084300000, 0x00000000d5580000)
  object space 68608K, 70% used [0x0000000080000000,0x0000000082f64660,0x0000000084300000)
 Metaspace       used 54859K, committed 56256K, reserved 1114112K
  class space    used 5944K, committed 6592K, reserved 1048576K
}
Event: 32.141 GC heap after
{Heap after GC invocations=34 (full 2):
 PSYoungGen      total 21504K, used 384K [0x00000000d5580000, 0x00000000d6c80000, 0x0000000100000000)
  eden space 20992K, 0% used [0x00000000d5580000,0x00000000d5580000,0x00000000d6a00000)
  from space 512K, 75% used [0x00000000d6c00000,0x00000000d6c60000,0x00000000d6c80000)
  to   space 1024K, 0% used [0x00000000d6a80000,0x00000000d6a80000,0x00000000d6b80000)
 ParOldGen       total 68608K, used 48545K [0x0000000080000000, 0x0000000084300000, 0x00000000d5580000)
  object space 68608K, 70% used [0x0000000080000000,0x0000000082f68660,0x0000000084300000)
 Metaspace       used 54859K, committed 56256K, reserved 1114112K
  class space    used 5944K, committed 6592K, reserved 1048576K
}
Event: 32.545 GC heap before
{Heap before GC invocations=35 (full 2):
 PSYoungGen      total 21504K, used 21376K [0x00000000d5580000, 0x00000000d6c80000, 0x0000000100000000)
  eden space 20992K, 100% used [0x00000000d5580000,0x00000000d6a00000,0x00000000d6a00000)
  from space 512K, 75% used [0x00000000d6c00000,0x00000000d6c60000,0x00000000d6c80000)
  to   space 1024K, 0% used [0x00000000d6a80000,0x00000000d6a80000,0x00000000d6b80000)
 ParOldGen       total 68608K, used 48545K [0x0000000080000000, 0x0000000084300000, 0x00000000d5580000)
  object space 68608K, 70% used [0x0000000080000000,0x0000000082f68660,0x0000000084300000)
 Metaspace       used 56845K, committed 58304K, reserved 1114112K
  class space    used 6159K, committed 6848K, reserved 1048576K
}
Event: 32.548 GC heap after
{Heap after GC invocations=35 (full 2):
 PSYoungGen      total 22016K, used 800K [0x00000000d5580000, 0x00000000d6c80000, 0x0000000100000000)
  eden space 20992K, 0% used [0x00000000d5580000,0x00000000d5580000,0x00000000d6a00000)
  from space 1024K, 78% used [0x00000000d6a80000,0x00000000d6b48000,0x00000000d6b80000)
  to   space 1024K, 0% used [0x00000000d6b80000,0x00000000d6b80000,0x00000000d6c80000)
 ParOldGen       total 68608K, used 48705K [0x0000000080000000, 0x0000000084300000, 0x00000000d5580000)
  object space 68608K, 70% used [0x0000000080000000,0x0000000082f90660,0x0000000084300000)
 Metaspace       used 56845K, committed 58304K, reserved 1114112K
  class space    used 6159K, committed 6848K, reserved 1048576K
}

