# JRE version: OpenJDK Runtime Environment Temurin-21.0.8+9 (21.0.8+9) (build 21.0.8+9-LTS)
# Java VM: OpenJDK 64-Bit Server VM Temurin-21.0.8+9 (21.0.8+9-LTS, mixed mode, sharing, tiered, compressed oops, compressed class ptrs, parallel gc, windows-amd64)
GC Precious Log:
 CardTable entry size: 512
 CPUs: 12 total, 12 available
 Memory: 7381M
 Large Page Support: Disabled
 NUMA Support: Disabled
 Compressed Oops: Enabled (32-bit)
 Alignments: Space 512K, Generation 512K, Heap 2M
 Heap Min Capacity: 100M
 Heap Initial Capacity: 100M
 Heap Max Capacity: 2G
 Pre-touch: Disabled
 Parallel Workers: 10
Heap:
 PSYoungGen      total 13312K, used 11314K [0x00000000d5580000, 0x00000000d6d00000, 0x0000000100000000)
  eden space 11776K, 83% used [0x00000000d5580000,0x00000000d5f0c988,0x00000000d6100000)
  from space 1536K, 100% used [0x00000000d6580000,0x00000000d6700000,0x00000000d6700000)
  to   space 4608K, 0% used [0x00000000d6100000,0x00000000d6100000,0x00000000d6580000)
 ParOldGen       total 88576K, used 88202K [0x0000000080000000, 0x0000000085680000, 0x00000000d5580000)
  object space 88576K, 99% used [0x0000000080000000,0x00000000856228c0,0x0000000085680000)
 Metaspace       used 64847K, committed 66368K, reserved 1114112K
  class space    used 6882K, committed 7552K, reserved 1048576K
GC Heap History (20 events):
Event: 11.684 GC heap before
{Heap before GC invocations=118 (full 3):
 PSYoungGen      total 16384K, used 16324K [0x00000000d5580000, 0x00000000d6780000, 0x0000000100000000)
  eden space 14848K, 100% used [0x00000000d5580000,0x00000000d6400000,0x00000000d6400000)
  from space 1536K, 96% used [0x00000000d6600000,0x00000000d6771020,0x00000000d6780000)
  to   space 1536K, 0% used [0x00000000d6480000,0x00000000d6480000,0x00000000d6600000)
 ParOldGen       total 75776K, used 75449K [0x0000000080000000, 0x0000000084a00000, 0x00000000d5580000)
  object space 75776K, 99% used [0x0000000080000000,0x00000000849ae460,0x0000000084a00000)
 Metaspace       used 61905K, committed 63360K, reserved 1114112K
  class space    used 6654K, committed 7296K, reserved 1048576K
}
Event: 11.687 GC heap after
{Heap after GC invocations=118 (full 3):
 PSYoungGen      total 16384K, used 1341K [0x00000000d5580000, 0x00000000d6700000, 0x0000000100000000)
  eden space 14848K, 0% used [0x00000000d5580000,0x00000000d5580000,0x00000000d6400000)
  from space 1536K, 87% used [0x00000000d6480000,0x00000000d65cf680,0x00000000d6600000)
  to   space 1024K, 0% used [0x00000000d6600000,0x00000000d6600000,0x00000000d6700000)
 ParOldGen       total 76800K, used 76633K [0x0000000080000000, 0x0000000084b00000, 0x00000000d5580000)
  object space 76800K, 99% used [0x0000000080000000,0x0000000084ad6580,0x0000000084b00000)
 Metaspace       used 61905K, committed 63360K, reserved 1114112K
  class space    used 6654K, committed 7296K, reserved 1048576K
}
Event: 11.764 GC heap before
{Heap before GC invocations=119 (full 3):
 PSYoungGen      total 16384K, used 16189K [0x00000000d5580000, 0x00000000d6700000, 0x0000000100000000)
  eden space 14848K, 100% used [0x00000000d5580000,0x00000000d6400000,0x00000000d6400000)
  from space 1536K, 87% used [0x00000000d6480000,0x00000000d65cf680,0x00000000d6600000)
  to   space 1024K, 0% used [0x00000000d6600000,0x00000000d6600000,0x00000000d6700000)
 ParOldGen       total 76800K, used 76633K [0x0000000080000000, 0x0000000084b00000, 0x00000000d5580000)
  object space 76800K, 99% used [0x0000000080000000,0x0000000084ad6580,0x0000000084b00000)
 Metaspace       used 62436K, committed 63936K, reserved 1114112K
  class space    used 6682K, committed 7360K, reserved 1048576K
}
Event: 11.766 GC heap after
{Heap after GC invocations=119 (full 3):
 PSYoungGen      total 15872K, used 969K [0x00000000d5580000, 0x00000000d6700000, 0x0000000100000000)
  eden space 14848K, 0% used [0x00000000d5580000,0x00000000d5580000,0x00000000d6400000)
  from space 1024K, 94% used [0x00000000d6600000,0x00000000d66f2478,0x00000000d6700000)
  to   space 1536K, 0% used [0x00000000d6400000,0x00000000d6400000,0x00000000d6580000)
 ParOldGen       total 77824K, used 77539K [0x0000000080000000, 0x0000000084c00000, 0x00000000d5580000)
  object space 77824K, 99% used [0x0000000080000000,0x0000000084bb8fa0,0x0000000084c00000)
 Metaspace       used 62436K, committed 63936K, reserved 1114112K
  class space    used 6682K, committed 7360K, reserved 1048576K
}
Event: 11.877 GC heap before
{Heap before GC invocations=120 (full 3):
 PSYoungGen      total 15872K, used 15817K [0x00000000d5580000, 0x00000000d6700000, 0x0000000100000000)
  eden space 14848K, 100% used [0x00000000d5580000,0x00000000d6400000,0x00000000d6400000)
  from space 1024K, 94% used [0x00000000d6600000,0x00000000d66f2478,0x00000000d6700000)
  to   space 1536K, 0% used [0x00000000d6400000,0x00000000d6400000,0x00000000d6580000)
 ParOldGen       total 77824K, used 77539K [0x0000000080000000, 0x0000000084c00000, 0x00000000d5580000)
  object space 77824K, 99% used [0x0000000080000000,0x0000000084bb8fa0,0x0000000084c00000)
 Metaspace       used 62917K, committed 64384K, reserved 1114112K
  class space    used 6710K, committed 7360K, reserved 1048576K
}
Event: 11.879 GC heap after
{Heap after GC invocations=120 (full 3):
 PSYoungGen      total 16384K, used 1520K [0x00000000d5580000, 0x00000000d6900000, 0x0000000100000000)
  eden space 14848K, 0% used [0x00000000d5580000,0x00000000d5580000,0x00000000d6400000)
  from space 1536K, 98% used [0x00000000d6400000,0x00000000d657c1d8,0x00000000d6580000)
  to   space 2560K, 0% used [0x00000000d6680000,0x00000000d6680000,0x00000000d6900000)
 ParOldGen       total 78336K, used 78278K [0x0000000080000000, 0x0000000084c80000, 0x00000000d5580000)
  object space 78336K, 99% used [0x0000000080000000,0x0000000084c719c0,0x0000000084c80000)
 Metaspace       used 62917K, committed 64384K, reserved 1114112K
  class space    used 6710K, committed 7360K, reserved 1048576K
}
Event: 11.960 GC heap before
{Heap before GC invocations=121 (full 3):
 PSYoungGen      total 16384K, used 16368K [0x00000000d5580000, 0x00000000d6900000, 0x0000000100000000)
  eden space 14848K, 100% used [0x00000000d5580000,0x00000000d6400000,0x00000000d6400000)
  from space 1536K, 98% used [0x00000000d6400000,0x00000000d657c1d8,0x00000000d6580000)
  to   space 2560K, 0% used [0x00000000d6680000,0x00000000d6680000,0x00000000d6900000)
 ParOldGen       total 78336K, used 78278K [0x0000000080000000, 0x0000000084c80000, 0x00000000d5580000)
  object space 78336K, 99% used [0x0000000080000000,0x0000000084c719c0,0x0000000084c80000)
 Metaspace       used 63117K, committed 64576K, reserved 1114112K
  class space    used 6719K, committed 7360K, reserved 1048576K
}
Event: 11.962 GC heap after
{Heap after GC invocations=121 (full 3):
 PSYoungGen      total 17408K, used 2222K [0x00000000d5580000, 0x00000000d6900000, 0x0000000100000000)
  eden space 14848K, 0% used [0x00000000d5580000,0x00000000d5580000,0x00000000d6400000)
  from space 2560K, 86% used [0x00000000d6680000,0x00000000d68ab960,0x00000000d6900000)
  to   space 2560K, 0% used [0x00000000d6400000,0x00000000d6400000,0x00000000d6680000)
 ParOldGen       total 79872K, used 79710K [0x0000000080000000, 0x0000000084e00000, 0x00000000d5580000)
  object space 79872K, 99% used [0x0000000080000000,0x0000000084dd7b30,0x0000000084e00000)
 Metaspace       used 63117K, committed 64576K, reserved 1114112K
  class space    used 6719K, committed 7360K, reserved 1048576K
}
Event: 12.027 GC heap before
{Heap before GC invocations=122 (full 3):
 PSYoungGen      total 17408K, used 17070K [0x00000000d5580000, 0x00000000d6900000, 0x0000000100000000)
  eden space 14848K, 100% used [0x00000000d5580000,0x00000000d6400000,0x00000000d6400000)
  from space 2560K, 86% used [0x00000000d6680000,0x00000000d68ab960,0x00000000d6900000)
  to   space 2560K, 0% used [0x00000000d6400000,0x00000000d6400000,0x00000000d6680000)
 ParOldGen       total 79872K, used 79710K [0x0000000080000000, 0x0000000084e00000, 0x00000000d5580000)
  object space 79872K, 99% used [0x0000000080000000,0x0000000084dd7b30,0x0000000084e00000)
 Metaspace       used 63243K, committed 64704K, reserved 1114112K
  class space    used 6722K, committed 7360K, reserved 1048576K
}
Event: 12.030 GC heap after
{Heap after GC invocations=122 (full 3):
 PSYoungGen      total 16896K, used 1630K [0x00000000d5580000, 0x00000000d6800000, 0x0000000100000000)
  eden space 14848K, 0% used [0x00000000d5580000,0x00000000d5580000,0x00000000d6400000)
  from space 2048K, 79% used [0x00000000d6400000,0x00000000d6597b10,0x00000000d6600000)
  to   space 2048K, 0% used [0x00000000d6600000,0x00000000d6600000,0x00000000d6800000)
 ParOldGen       total 81920K, used 81739K [0x0000000080000000, 0x0000000085000000, 0x00000000d5580000)
  object space 81920K, 99% used [0x0000000080000000,0x0000000084fd2f88,0x0000000085000000)
 Metaspace       used 63243K, committed 64704K, reserved 1114112K
  class space    used 6722K, committed 7360K, reserved 1048576K
}
Event: 12.101 GC heap before
{Heap before GC invocations=123 (full 3):
 PSYoungGen      total 16896K, used 16478K [0x00000000d5580000, 0x00000000d6800000, 0x0000000100000000)
  eden space 14848K, 100% used [0x00000000d5580000,0x00000000d6400000,0x00000000d6400000)
  from space 2048K, 79% used [0x00000000d6400000,0x00000000d6597b10,0x00000000d6600000)
  to   space 2048K, 0% used [0x00000000d6600000,0x00000000d6600000,0x00000000d6800000)
 ParOldGen       total 81920K, used 81739K [0x0000000080000000, 0x0000000085000000, 0x00000000d5580000)
  object space 81920K, 99% used [0x0000000080000000,0x0000000084fd2f88,0x0000000085000000)
 Metaspace       used 63604K, committed 65088K, reserved 1114112K
  class space    used 6754K, committed 7424K, reserved 1048576K
}
Event: 12.103 GC heap after
{Heap after GC invocations=123 (full 3):
 PSYoungGen      total 16896K, used 1977K [0x00000000d5580000, 0x00000000d6800000, 0x0000000100000000)
  eden space 14848K, 0% used [0x00000000d5580000,0x00000000d5580000,0x00000000d6400000)
  from space 2048K, 96% used [0x00000000d6600000,0x00000000d67ee410,0x00000000d6800000)
  to   space 2048K, 0% used [0x00000000d6400000,0x00000000d6400000,0x00000000d6600000)
 ParOldGen       total 82944K, used 82728K [0x0000000080000000, 0x0000000085100000, 0x00000000d5580000)
  object space 82944K, 99% used [0x0000000080000000,0x00000000850ca1d8,0x0000000085100000)
 Metaspace       used 63604K, committed 65088K, reserved 1114112K
  class space    used 6754K, committed 7424K, reserved 1048576K
}
Event: 12.194 GC heap before
{Heap before GC invocations=124 (full 3):
 PSYoungGen      total 16896K, used 16825K [0x00000000d5580000, 0x00000000d6800000, 0x0000000100000000)
  eden space 14848K, 100% used [0x00000000d5580000,0x00000000d6400000,0x00000000d6400000)
  from space 2048K, 96% used [0x00000000d6600000,0x00000000d67ee410,0x00000000d6800000)
  to   space 2048K, 0% used [0x00000000d6400000,0x00000000d6400000,0x00000000d6600000)
 ParOldGen       total 82944K, used 82728K [0x0000000080000000, 0x0000000085100000, 0x00000000d5580000)
  object space 82944K, 99% used [0x0000000080000000,0x00000000850ca1d8,0x0000000085100000)
 Metaspace       used 64056K, committed 65472K, reserved 1114112K
  class space    used 6807K, committed 7424K, reserved 1048576K
}
Event: 12.196 GC heap after
{Heap after GC invocations=124 (full 3):
 PSYoungGen      total 15872K, used 832K [0x00000000d5580000, 0x00000000d6700000, 0x0000000100000000)
  eden space 14848K, 0% used [0x00000000d5580000,0x00000000d5580000,0x00000000d6400000)
  from space 1024K, 81% used [0x00000000d6400000,0x00000000d64d0000,0x00000000d6500000)
  to   space 1536K, 0% used [0x00000000d6580000,0x00000000d6580000,0x00000000d6700000)
 ParOldGen       total 84480K, used 84039K [0x0000000080000000, 0x0000000085280000, 0x00000000d5580000)
  object space 84480K, 99% used [0x0000000080000000,0x0000000085211c00,0x0000000085280000)
 Metaspace       used 64056K, committed 65472K, reserved 1114112K
  class space    used 6807K, committed 7424K, reserved 1048576K
}
Event: 12.371 GC heap before
{Heap before GC invocations=125 (full 3):
 PSYoungGen      total 15872K, used 15680K [0x00000000d5580000, 0x00000000d6700000, 0x0000000100000000)
  eden space 14848K, 100% used [0x00000000d5580000,0x00000000d6400000,0x00000000d6400000)
  from space 1024K, 81% used [0x00000000d6400000,0x00000000d64d0000,0x00000000d6500000)
  to   space 1536K, 0% used [0x00000000d6580000,0x00000000d6580000,0x00000000d6700000)
 ParOldGen       total 84480K, used 84039K [0x0000000080000000, 0x0000000085280000, 0x00000000d5580000)
  object space 84480K, 99% used [0x0000000080000000,0x0000000085211c00,0x0000000085280000)
 Metaspace       used 64287K, committed 65792K, reserved 1114112K
  class space    used 6817K, committed 7488K, reserved 1048576K
}
Event: 12.373 GC heap after
{Heap after GC invocations=125 (full 3):
 PSYoungGen      total 16384K, used 1248K [0x00000000d5580000, 0x00000000d6700000, 0x0000000100000000)
  eden space 14848K, 0% used [0x00000000d5580000,0x00000000d5580000,0x00000000d6400000)
  from space 1536K, 81% used [0x00000000d6580000,0x00000000d66b8000,0x00000000d6700000)
  to   space 1536K, 0% used [0x00000000d6400000,0x00000000d6400000,0x00000000d6580000)
 ParOldGen       total 84992K, used 84759K [0x0000000080000000, 0x0000000085300000, 0x00000000d5580000)
  object space 84992K, 99% used [0x0000000080000000,0x00000000852c5c20,0x0000000085300000)
 Metaspace       used 64287K, committed 65792K, reserved 1114112K
  class space    used 6817K, committed 7488K, reserved 1048576K
}
Event: 12.540 GC heap before
{Heap before GC invocations=126 (full 3):
 PSYoungGen      total 16384K, used 16096K [0x00000000d5580000, 0x00000000d6700000, 0x0000000100000000)
  eden space 14848K, 100% used [0x00000000d5580000,0x00000000d6400000,0x00000000d6400000)
  from space 1536K, 81% used [0x00000000d6580000,0x00000000d66b8000,0x00000000d6700000)
  to   space 1536K, 0% used [0x00000000d6400000,0x00000000d6400000,0x00000000d6580000)
 ParOldGen       total 84992K, used 84759K [0x0000000080000000, 0x0000000085300000, 0x00000000d5580000)
  object space 84992K, 99% used [0x0000000080000000,0x00000000852c5c20,0x0000000085300000)
 Metaspace       used 64601K, committed 66048K, reserved 1114112K
  class space    used 6851K, committed 7488K, reserved 1048576K
}
Event: 12.542 GC heap after
{Heap after GC invocations=126 (full 3):
 PSYoungGen      total 16384K, used 1312K [0x00000000d5580000, 0x00000000d6700000, 0x0000000100000000)
  eden space 14848K, 0% used [0x00000000d5580000,0x00000000d5580000,0x00000000d6400000)
  from space 1536K, 85% used [0x00000000d6400000,0x00000000d6548000,0x00000000d6580000)
  to   space 1536K, 0% used [0x00000000d6580000,0x00000000d6580000,0x00000000d6700000)
 ParOldGen       total 86016K, used 85724K [0x0000000080000000, 0x0000000085400000, 0x00000000d5580000)
  object space 86016K, 99% used [0x0000000080000000,0x00000000853b73e8,0x0000000085400000)
 Metaspace       used 64601K, committed 66048K, reserved 1114112K
  class space    used 6851K, committed 7488K, reserved 1048576K
}
Event: 12.918 GC heap before
{Heap before GC invocations=127 (full 3):
 PSYoungGen      total 16384K, used 16159K [0x00000000d5580000, 0x00000000d6700000, 0x0000000100000000)
  eden space 14848K, 99% used [0x00000000d5580000,0x00000000d63ffff8,0x00000000d6400000)
  from space 1536K, 85% used [0x00000000d6400000,0x00000000d6548000,0x00000000d6580000)
  to   space 1536K, 0% used [0x00000000d6580000,0x00000000d6580000,0x00000000d6700000)
 ParOldGen       total 86016K, used 85724K [0x0000000080000000, 0x0000000085400000, 0x00000000d5580000)
  object space 86016K, 99% used [0x0000000080000000,0x00000000853b73e8,0x0000000085400000)
 Metaspace       used 64789K, committed 66304K, reserved 1114112K
  class space    used 6882K, committed 7552K, reserved 1048576K
}
Event: 13.922 GC heap after
{Heap after GC invocations=127 (full 3):
 PSYoungGen      total 13312K, used 1536K [0x00000000d5580000, 0x00000000d6d00000, 0x0000000100000000)
  eden space 11776K, 0% used [0x00000000d5580000,0x00000000d5580000,0x00000000d6100000)
  from space 1536K, 100% used [0x00000000d6580000,0x00000000d6700000,0x00000000d6700000)
  to   space 4608K, 0% used [0x00000000d6100000,0x00000000d6100000,0x00000000d6580000)
 ParOldGen       total 88576K, used 88202K [0x0000000080000000, 0x0000000085680000, 0x00000000d5580000)
  object space 88576K, 99% used [0x0000000080000000,0x00000000856228c0,0x0000000085680000)
 Metaspace       used 64789K, committed 66304K, reserved 1114112K
  class space    used 6882K, committed 7552K, reserved 1048576K
}

