# JRE version: Java(TM) SE Runtime Environment (24.0.1+9) (build 24.0.1+9-30)
# Java VM: Java HotSpot(TM) 64-Bit Server VM (24.0.1+9-30, mixed mode, sharing, tiered, compressed oops, compressed class ptrs, g1 gc, windows-amd64)
GC Precious Log:
 CardTable entry size: 512
 Card Set container configuration: InlinePtr #cards 5 size 8 Array Of Cards #cards 10 size 36 Howl #buckets 4 coarsen threshold 1843 Howl Bitmap #cards 512 size 80 coarsen threshold 460 Card regions per heap region 1 cards per card region 2048
 CPUs: 12 total, 12 available
 Memory: 7381M
 Large Page Support: Disabled
 NUMA Support: Disabled
 Compressed Oops: Enabled (32-bit)
 Heap Region Size: 1M
 Heap Min Capacity: 8M
 Heap Initial Capacity: 116M
 Heap Max Capacity: 1846M
 Pre-touch: Disabled
 Parallel Workers: 10
 Concurrent Workers: 3
 Concurrent Refinement Workers: 10
 Periodic GC: Disabled
Heap:
 garbage-first heap   total reserved 1890304K, committed 59392K, used 47228K [0x000000008ca00000, 0x0000000100000000)
  region size 1024K, 19 young (19456K), 2 survivors (2048K)
 Metaspace       used 48464K, committed 48960K, reserved 1114112K
  class space    used 4935K, committed 5184K, reserved 1048576K
GC Heap History (20 events):
Event: 313.029 GC heap before
{Heap before GC invocations=198 (full 0):
 garbage-first heap   total reserved 1890304K, committed 59392K, used 51402K [0x000000008ca00000, 0x0000000100000000)
  region size 1024K, 23 young (23552K), 2 survivors (2048K)
 Metaspace       used 48376K, committed 48960K, reserved 1114112K
  class space    used 4926K, committed 5184K, reserved 1048576K
}
Event: 313.031 GC heap after
{Heap after GC invocations=199 (full 0):
 garbage-first heap   total reserved 1890304K, committed 59392K, used 31242K [0x000000008ca00000, 0x0000000100000000)
  region size 1024K, 2 young (2048K), 2 survivors (2048K)
 Metaspace       used 48376K, committed 48960K, reserved 1114112K
  class space    used 4926K, committed 5184K, reserved 1048576K
}
Event: 313.537 GC heap before
{Heap before GC invocations=199 (full 0):
 garbage-first heap   total reserved 1890304K, committed 59392K, used 51722K [0x000000008ca00000, 0x0000000100000000)
  region size 1024K, 23 young (23552K), 2 survivors (2048K)
 Metaspace       used 48376K, committed 48960K, reserved 1114112K
  class space    used 4926K, committed 5184K, reserved 1048576K
}
Event: 313.538 GC heap after
{Heap after GC invocations=200 (full 0):
 garbage-first heap   total reserved 1890304K, committed 59392K, used 31223K [0x000000008ca00000, 0x0000000100000000)
  region size 1024K, 2 young (2048K), 2 survivors (2048K)
 Metaspace       used 48376K, committed 48960K, reserved 1114112K
  class space    used 4926K, committed 5184K, reserved 1048576K
}
Event: 314.054 GC heap before
{Heap before GC invocations=200 (full 0):
 garbage-first heap   total reserved 1890304K, committed 59392K, used 51703K [0x000000008ca00000, 0x0000000100000000)
  region size 1024K, 23 young (23552K), 2 survivors (2048K)
 Metaspace       used 48376K, committed 48960K, reserved 1114112K
  class space    used 4926K, committed 5184K, reserved 1048576K
}
Event: 314.056 GC heap after
{Heap after GC invocations=201 (full 0):
 garbage-first heap   total reserved 1890304K, committed 59392K, used 31252K [0x000000008ca00000, 0x0000000100000000)
  region size 1024K, 2 young (2048K), 2 survivors (2048K)
 Metaspace       used 48376K, committed 48960K, reserved 1114112K
  class space    used 4926K, committed 5184K, reserved 1048576K
}
Event: 314.545 GC heap before
{Heap before GC invocations=201 (full 0):
 garbage-first heap   total reserved 1890304K, committed 59392K, used 51732K [0x000000008ca00000, 0x0000000100000000)
  region size 1024K, 23 young (23552K), 2 survivors (2048K)
 Metaspace       used 48376K, committed 48960K, reserved 1114112K
  class space    used 4926K, committed 5184K, reserved 1048576K
}
Event: 314.547 GC heap after
{Heap after GC invocations=202 (full 0):
 garbage-first heap   total reserved 1890304K, committed 59392K, used 31309K [0x000000008ca00000, 0x0000000100000000)
  region size 1024K, 2 young (2048K), 2 survivors (2048K)
 Metaspace       used 48376K, committed 48960K, reserved 1114112K
  class space    used 4926K, committed 5184K, reserved 1048576K
}
Event: 315.047 GC heap before
{Heap before GC invocations=202 (full 0):
 garbage-first heap   total reserved 1890304K, committed 59392K, used 52813K [0x000000008ca00000, 0x0000000100000000)
  region size 1024K, 23 young (23552K), 2 survivors (2048K)
 Metaspace       used 48376K, committed 48960K, reserved 1114112K
  class space    used 4926K, committed 5184K, reserved 1048576K
}
Event: 315.048 GC heap after
{Heap after GC invocations=203 (full 0):
 garbage-first heap   total reserved 1890304K, committed 59392K, used 31302K [0x000000008ca00000, 0x0000000100000000)
  region size 1024K, 2 young (2048K), 2 survivors (2048K)
 Metaspace       used 48376K, committed 48960K, reserved 1114112K
  class space    used 4926K, committed 5184K, reserved 1048576K
}
Event: 316.701 GC heap before
{Heap before GC invocations=203 (full 0):
 garbage-first heap   total reserved 1890304K, committed 59392K, used 52806K [0x000000008ca00000, 0x0000000100000000)
  region size 1024K, 23 young (23552K), 2 survivors (2048K)
 Metaspace       used 48383K, committed 48960K, reserved 1114112K
  class space    used 4926K, committed 5184K, reserved 1048576K
}
Event: 316.703 GC heap after
{Heap after GC invocations=204 (full 0):
 garbage-first heap   total reserved 1890304K, committed 59392K, used 31560K [0x000000008ca00000, 0x0000000100000000)
  region size 1024K, 2 young (2048K), 2 survivors (2048K)
 Metaspace       used 48383K, committed 48960K, reserved 1114112K
  class space    used 4926K, committed 5184K, reserved 1048576K
}
Event: 318.016 GC heap before
{Heap before GC invocations=204 (full 0):
 garbage-first heap   total reserved 1890304K, committed 59392K, used 52040K [0x000000008ca00000, 0x0000000100000000)
  region size 1024K, 23 young (23552K), 2 survivors (2048K)
 Metaspace       used 48386K, committed 48960K, reserved 1114112K
  class space    used 4926K, committed 5184K, reserved 1048576K
}
Event: 318.017 GC heap after
{Heap after GC invocations=205 (full 0):
 garbage-first heap   total reserved 1890304K, committed 59392K, used 31722K [0x000000008ca00000, 0x0000000100000000)
  region size 1024K, 2 young (2048K), 2 survivors (2048K)
 Metaspace       used 48386K, committed 48960K, reserved 1114112K
  class space    used 4926K, committed 5184K, reserved 1048576K
}
Event: 320.327 GC heap before
{Heap before GC invocations=205 (full 0):
 garbage-first heap   total reserved 1890304K, committed 59392K, used 52202K [0x000000008ca00000, 0x0000000100000000)
  region size 1024K, 22 young (22528K), 2 survivors (2048K)
 Metaspace       used 48386K, committed 48960K, reserved 1114112K
  class space    used 4926K, committed 5184K, reserved 1048576K
}
Event: 320.329 GC heap after
{Heap after GC invocations=206 (full 0):
 garbage-first heap   total reserved 1890304K, committed 59392K, used 31739K [0x000000008ca00000, 0x0000000100000000)
  region size 1024K, 2 young (2048K), 2 survivors (2048K)
 Metaspace       used 48386K, committed 48960K, reserved 1114112K
  class space    used 4926K, committed 5184K, reserved 1048576K
}
Event: 321.619 GC heap before
{Heap before GC invocations=206 (full 0):
 garbage-first heap   total reserved 1890304K, committed 59392K, used 52219K [0x000000008ca00000, 0x0000000100000000)
  region size 1024K, 22 young (22528K), 2 survivors (2048K)
 Metaspace       used 48386K, committed 48960K, reserved 1114112K
  class space    used 4926K, committed 5184K, reserved 1048576K
}
Event: 321.621 GC heap after
{Heap after GC invocations=207 (full 0):
 garbage-first heap   total reserved 1890304K, committed 59392K, used 31835K [0x000000008ca00000, 0x0000000100000000)
  region size 1024K, 2 young (2048K), 2 survivors (2048K)
 Metaspace       used 48386K, committed 48960K, reserved 1114112K
  class space    used 4926K, committed 5184K, reserved 1048576K
}
Event: 322.909 GC heap before
{Heap before GC invocations=207 (full 0):
 garbage-first heap   total reserved 1890304K, committed 59392K, used 51291K [0x000000008ca00000, 0x0000000100000000)
  region size 1024K, 22 young (22528K), 2 survivors (2048K)
 Metaspace       used 48386K, committed 48960K, reserved 1114112K
  class space    used 4926K, committed 5184K, reserved 1048576K
}
Event: 322.910 GC heap after
{Heap after GC invocations=208 (full 0):
 garbage-first heap   total reserved 1890304K, committed 59392K, used 31868K [0x000000008ca00000, 0x0000000100000000)
  region size 1024K, 2 young (2048K), 2 survivors (2048K)
 Metaspace       used 48386K, committed 48960K, reserved 1114112K
  class space    used 4926K, committed 5184K, reserved 1048576K
}

