# JRE version: OpenJDK Runtime Environment Temurin-21.0.8+9 (21.0.8+9) (build 21.0.8+9-LTS)
# Java VM: OpenJDK 64-Bit Server VM Temurin-21.0.8+9 (21.0.8+9-LTS, mixed mode, sharing, tiered, compressed oops, compressed class ptrs, parallel gc, windows-amd64)
GC Precious Log:
 CardTable entry size: 512
 CPUs: 12 total, 12 available
 Memory: 7381M
 Large Page Support: Disabled
 NUMA Support: Disabled
 Compressed Oops: Enabled (32-bit)
 Alignments: Space 512K, Generation 512K, Heap 2M
 Heap Min Capacity: 100M
 Heap Initial Capacity: 100M
 Heap Max Capacity: 2G
 Pre-touch: Disabled
 Parallel Workers: 10
Heap:
 PSYoungGen      total 10752K, used 10228K [0x00000000d5580000, 0x00000000d6180000, 0x0000000100000000)
  eden space 9216K, 100% used [0x00000000d5580000,0x00000000d5e80000,0x00000000d5e80000)
  from space 1536K, 65% used [0x00000000d5e80000,0x00000000d5f7d240,0x00000000d6000000)
  to   space 1536K, 12% used [0x00000000d6000000,0x00000000d6030000,0x00000000d6180000)
 ParOldGen       total 210432K, used 210424K [0x0000000080000000, 0x000000008cd80000, 0x00000000d5580000)
  object space 210432K, 99% used [0x0000000080000000,0x000000008cd7e3a0,0x000000008cd80000)
 Metaspace       used 68729K, committed 70464K, reserved 1114112K
  class space    used 7234K, committed 8000K, reserved 1048576K
GC Heap History (20 events):
Event: 982.256 GC heap before
{Heap before GC invocations=161 (full 3):
 PSYoungGen      total 9728K, used 9600K [0x00000000d5580000, 0x00000000d6180000, 0x0000000100000000)
  eden space 9216K, 100% used [0x00000000d5580000,0x00000000d5e80000,0x00000000d5e80000)
  from space 512K, 75% used [0x00000000d5e80000,0x00000000d5ee0020,0x00000000d5f00000)
  to   space 1536K, 0% used [0x00000000d6000000,0x00000000d6000000,0x00000000d6180000)
 ParOldGen       total 200192K, used 200100K [0x0000000080000000, 0x000000008c380000, 0x00000000d5580000)
  object space 200192K, 99% used [0x0000000080000000,0x000000008c3690d8,0x000000008c380000)
 Metaspace       used 68300K, committed 70016K, reserved 1114112K
  class space    used 7224K, committed 8000K, reserved 1048576K
}
Event: 982.260 GC heap after
{Heap after GC invocations=161 (full 3):
 PSYoungGen      total 10240K, used 889K [0x00000000d5580000, 0x00000000d6100000, 0x0000000100000000)
  eden space 9216K, 0% used [0x00000000d5580000,0x00000000d5580000,0x00000000d5e80000)
  from space 1024K, 86% used [0x00000000d6000000,0x00000000d60de7e0,0x00000000d6100000)
  to   space 1024K, 0% used [0x00000000d5f00000,0x00000000d5f00000,0x00000000d6000000)
 ParOldGen       total 200704K, used 200276K [0x0000000080000000, 0x000000008c400000, 0x00000000d5580000)
  object space 200704K, 99% used [0x0000000080000000,0x000000008c3950f8,0x000000008c400000)
 Metaspace       used 68300K, committed 70016K, reserved 1114112K
  class space    used 7224K, committed 8000K, reserved 1048576K
}
Event: 18425.246 GC heap before
{Heap before GC invocations=162 (full 3):
 PSYoungGen      total 10240K, used 10105K [0x00000000d5580000, 0x00000000d6100000, 0x0000000100000000)
  eden space 9216K, 100% used [0x00000000d5580000,0x00000000d5e80000,0x00000000d5e80000)
  from space 1024K, 86% used [0x00000000d6000000,0x00000000d60de7e0,0x00000000d6100000)
  to   space 1024K, 0% used [0x00000000d5f00000,0x00000000d5f00000,0x00000000d6000000)
 ParOldGen       total 200704K, used 200276K [0x0000000080000000, 0x000000008c400000, 0x00000000d5580000)
  object space 200704K, 99% used [0x0000000080000000,0x000000008c3950f8,0x000000008c400000)
 Metaspace       used 68407K, committed 70144K, reserved 1114112K
  class space    used 7224K, committed 8000K, reserved 1048576K
}
Event: 18425.322 GC heap after
{Heap after GC invocations=162 (full 3):
 PSYoungGen      total 10240K, used 1006K [0x00000000d5580000, 0x00000000d6380000, 0x0000000100000000)
  eden space 9216K, 0% used [0x00000000d5580000,0x00000000d5580000,0x00000000d5e80000)
  from space 1024K, 98% used [0x00000000d5f00000,0x00000000d5ffbb60,0x00000000d6000000)
  to   space 2560K, 0% used [0x00000000d6100000,0x00000000d6100000,0x00000000d6380000)
 ParOldGen       total 201728K, used 201289K [0x0000000080000000, 0x000000008c500000, 0x00000000d5580000)
  object space 201728K, 99% used [0x0000000080000000,0x000000008c492760,0x000000008c500000)
 Metaspace       used 68407K, committed 70144K, reserved 1114112K
  class space    used 7224K, committed 8000K, reserved 1048576K
}
Event: 18425.594 GC heap before
{Heap before GC invocations=163 (full 3):
 PSYoungGen      total 10240K, used 10222K [0x00000000d5580000, 0x00000000d6380000, 0x0000000100000000)
  eden space 9216K, 100% used [0x00000000d5580000,0x00000000d5e80000,0x00000000d5e80000)
  from space 1024K, 98% used [0x00000000d5f00000,0x00000000d5ffbb60,0x00000000d6000000)
  to   space 2560K, 0% used [0x00000000d6100000,0x00000000d6100000,0x00000000d6380000)
 ParOldGen       total 201728K, used 201289K [0x0000000080000000, 0x000000008c500000, 0x00000000d5580000)
  object space 201728K, 99% used [0x0000000080000000,0x000000008c492760,0x000000008c500000)
 Metaspace       used 68437K, committed 70144K, reserved 1114112K
  class space    used 7224K, committed 8000K, reserved 1048576K
}
Event: 18425.600 GC heap after
{Heap after GC invocations=163 (full 3):
 PSYoungGen      total 10752K, used 1056K [0x00000000d5580000, 0x00000000d6280000, 0x0000000100000000)
  eden space 9216K, 0% used [0x00000000d5580000,0x00000000d5580000,0x00000000d5e80000)
  from space 1536K, 68% used [0x00000000d6100000,0x00000000d6208000,0x00000000d6280000)
  to   space 1536K, 0% used [0x00000000d5f80000,0x00000000d5f80000,0x00000000d6100000)
 ParOldGen       total 202752K, used 202313K [0x0000000080000000, 0x000000008c600000, 0x00000000d5580000)
  object space 202752K, 99% used [0x0000000080000000,0x000000008c5927d0,0x000000008c600000)
 Metaspace       used 68437K, committed 70144K, reserved 1114112K
  class space    used 7224K, committed 8000K, reserved 1048576K
}
Event: 18426.072 GC heap before
{Heap before GC invocations=164 (full 3):
 PSYoungGen      total 10752K, used 10272K [0x00000000d5580000, 0x00000000d6280000, 0x0000000100000000)
  eden space 9216K, 100% used [0x00000000d5580000,0x00000000d5e80000,0x00000000d5e80000)
  from space 1536K, 68% used [0x00000000d6100000,0x00000000d6208000,0x00000000d6280000)
  to   space 1536K, 0% used [0x00000000d5f80000,0x00000000d5f80000,0x00000000d6100000)
 ParOldGen       total 202752K, used 202313K [0x0000000080000000, 0x000000008c600000, 0x00000000d5580000)
  object space 202752K, 99% used [0x0000000080000000,0x000000008c5927d0,0x000000008c600000)
 Metaspace       used 68506K, committed 70272K, reserved 1114112K
  class space    used 7224K, committed 8000K, reserved 1048576K
}
Event: 18426.128 GC heap after
{Heap after GC invocations=164 (full 3):
 PSYoungGen      total 10752K, used 1476K [0x00000000d5580000, 0x00000000d6280000, 0x0000000100000000)
  eden space 9216K, 0% used [0x00000000d5580000,0x00000000d5580000,0x00000000d5e80000)
  from space 1536K, 96% used [0x00000000d5f80000,0x00000000d60f1210,0x00000000d6100000)
  to   space 1536K, 0% used [0x00000000d6100000,0x00000000d6100000,0x00000000d6280000)
 ParOldGen       total 203264K, used 203198K [0x0000000080000000, 0x000000008c680000, 0x00000000d5580000)
  object space 203264K, 99% used [0x0000000080000000,0x000000008c66fa08,0x000000008c680000)
 Metaspace       used 68506K, committed 70272K, reserved 1114112K
  class space    used 7224K, committed 8000K, reserved 1048576K
}
Event: 18426.273 GC heap before
{Heap before GC invocations=165 (full 3):
 PSYoungGen      total 10752K, used 10692K [0x00000000d5580000, 0x00000000d6280000, 0x0000000100000000)
  eden space 9216K, 100% used [0x00000000d5580000,0x00000000d5e80000,0x00000000d5e80000)
  from space 1536K, 96% used [0x00000000d5f80000,0x00000000d60f1210,0x00000000d6100000)
  to   space 1536K, 0% used [0x00000000d6100000,0x00000000d6100000,0x00000000d6280000)
 ParOldGen       total 203264K, used 203198K [0x0000000080000000, 0x000000008c680000, 0x00000000d5580000)
  object space 203264K, 99% used [0x0000000080000000,0x000000008c66fa08,0x000000008c680000)
 Metaspace       used 68560K, committed 70272K, reserved 1114112K
  class space    used 7226K, committed 8000K, reserved 1048576K
}
Event: 18426.285 GC heap after
{Heap after GC invocations=165 (full 3):
 PSYoungGen      total 10752K, used 1252K [0x00000000d5580000, 0x00000000d6280000, 0x0000000100000000)
  eden space 9216K, 0% used [0x00000000d5580000,0x00000000d5580000,0x00000000d5e80000)
  from space 1536K, 81% used [0x00000000d6100000,0x00000000d6239210,0x00000000d6280000)
  to   space 1536K, 0% used [0x00000000d5f80000,0x00000000d5f80000,0x00000000d6100000)
 ParOldGen       total 204800K, used 204504K [0x0000000080000000, 0x000000008c800000, 0x00000000d5580000)
  object space 204800K, 99% used [0x0000000080000000,0x000000008c7b63b0,0x000000008c800000)
 Metaspace       used 68560K, committed 70272K, reserved 1114112K
  class space    used 7226K, committed 8000K, reserved 1048576K
}
Event: 18443.447 GC heap before
{Heap before GC invocations=166 (full 3):
 PSYoungGen      total 10752K, used 10468K [0x00000000d5580000, 0x00000000d6280000, 0x0000000100000000)
  eden space 9216K, 100% used [0x00000000d5580000,0x00000000d5e80000,0x00000000d5e80000)
  from space 1536K, 81% used [0x00000000d6100000,0x00000000d6239210,0x00000000d6280000)
  to   space 1536K, 0% used [0x00000000d5f80000,0x00000000d5f80000,0x00000000d6100000)
 ParOldGen       total 204800K, used 204504K [0x0000000080000000, 0x000000008c800000, 0x00000000d5580000)
  object space 204800K, 99% used [0x0000000080000000,0x000000008c7b63b0,0x000000008c800000)
 Metaspace       used 68599K, committed 70336K, reserved 1114112K
  class space    used 7227K, committed 8000K, reserved 1048576K
}
Event: 18443.451 GC heap after
{Heap after GC invocations=166 (full 3):
 PSYoungGen      total 10752K, used 1140K [0x00000000d5580000, 0x00000000d6180000, 0x0000000100000000)
  eden space 9216K, 0% used [0x00000000d5580000,0x00000000d5580000,0x00000000d5e80000)
  from space 1536K, 74% used [0x00000000d5f80000,0x00000000d609d200,0x00000000d6100000)
  to   space 512K, 0% used [0x00000000d6100000,0x00000000d6100000,0x00000000d6180000)
 ParOldGen       total 205824K, used 205573K [0x0000000080000000, 0x000000008c900000, 0x00000000d5580000)
  object space 205824K, 99% used [0x0000000080000000,0x000000008c8c15e0,0x000000008c900000)
 Metaspace       used 68599K, committed 70336K, reserved 1114112K
  class space    used 7227K, committed 8000K, reserved 1048576K
}
Event: 18443.471 GC heap before
{Heap before GC invocations=167 (full 3):
 PSYoungGen      total 10752K, used 10356K [0x00000000d5580000, 0x00000000d6180000, 0x0000000100000000)
  eden space 9216K, 100% used [0x00000000d5580000,0x00000000d5e80000,0x00000000d5e80000)
  from space 1536K, 74% used [0x00000000d5f80000,0x00000000d609d200,0x00000000d6100000)
  to   space 512K, 0% used [0x00000000d6100000,0x00000000d6100000,0x00000000d6180000)
 ParOldGen       total 205824K, used 205573K [0x0000000080000000, 0x000000008c900000, 0x00000000d5580000)
  object space 205824K, 99% used [0x0000000080000000,0x000000008c8c15e0,0x000000008c900000)
 Metaspace       used 68606K, committed 70336K, reserved 1114112K
  class space    used 7227K, committed 8000K, reserved 1048576K
}
Event: 18443.476 GC heap after
{Heap after GC invocations=167 (full 3):
 PSYoungGen      total 9728K, used 500K [0x00000000d5580000, 0x00000000d6380000, 0x0000000100000000)
  eden space 9216K, 0% used [0x00000000d5580000,0x00000000d5580000,0x00000000d5e80000)
  from space 512K, 97% used [0x00000000d6100000,0x00000000d617d200,0x00000000d6180000)
  to   space 2560K, 0% used [0x00000000d5e80000,0x00000000d5e80000,0x00000000d6100000)
 ParOldGen       total 207360K, used 207212K [0x0000000080000000, 0x000000008ca80000, 0x00000000d5580000)
  object space 207360K, 99% used [0x0000000080000000,0x000000008ca5b198,0x000000008ca80000)
 Metaspace       used 68606K, committed 70336K, reserved 1114112K
  class space    used 7227K, committed 8000K, reserved 1048576K
}
Event: 18443.493 GC heap before
{Heap before GC invocations=168 (full 3):
 PSYoungGen      total 9728K, used 9716K [0x00000000d5580000, 0x00000000d6380000, 0x0000000100000000)
  eden space 9216K, 100% used [0x00000000d5580000,0x00000000d5e80000,0x00000000d5e80000)
  from space 512K, 97% used [0x00000000d6100000,0x00000000d617d200,0x00000000d6180000)
  to   space 2560K, 0% used [0x00000000d5e80000,0x00000000d5e80000,0x00000000d6100000)
 ParOldGen       total 207360K, used 207212K [0x0000000080000000, 0x000000008ca80000, 0x00000000d5580000)
  object space 207360K, 99% used [0x0000000080000000,0x000000008ca5b198,0x000000008ca80000)
 Metaspace       used 68620K, committed 70336K, reserved 1114112K
  class space    used 7227K, committed 8000K, reserved 1048576K
}
Event: 18443.495 GC heap after
{Heap after GC invocations=168 (full 3):
 PSYoungGen      total 10752K, used 1140K [0x00000000d5580000, 0x00000000d6180000, 0x0000000100000000)
  eden space 9216K, 0% used [0x00000000d5580000,0x00000000d5580000,0x00000000d5e80000)
  from space 1536K, 74% used [0x00000000d5e80000,0x00000000d5f9d200,0x00000000d6000000)
  to   space 1536K, 0% used [0x00000000d6000000,0x00000000d6000000,0x00000000d6180000)
 ParOldGen       total 207872K, used 207717K [0x0000000080000000, 0x000000008cb00000, 0x00000000d5580000)
  object space 207872K, 99% used [0x0000000080000000,0x000000008cad9630,0x000000008cb00000)
 Metaspace       used 68620K, committed 70336K, reserved 1114112K
  class space    used 7227K, committed 8000K, reserved 1048576K
}
Event: 18443.543 GC heap before
{Heap before GC invocations=169 (full 3):
 PSYoungGen      total 10752K, used 10356K [0x00000000d5580000, 0x00000000d6180000, 0x0000000100000000)
  eden space 9216K, 100% used [0x00000000d5580000,0x00000000d5e80000,0x00000000d5e80000)
  from space 1536K, 74% used [0x00000000d5e80000,0x00000000d5f9d200,0x00000000d6000000)
  to   space 1536K, 0% used [0x00000000d6000000,0x00000000d6000000,0x00000000d6180000)
 ParOldGen       total 207872K, used 207717K [0x0000000080000000, 0x000000008cb00000, 0x00000000d5580000)
  object space 207872K, 99% used [0x0000000080000000,0x000000008cad9630,0x000000008cb00000)
 Metaspace       used 68633K, committed 70336K, reserved 1114112K
  class space    used 7228K, committed 8000K, reserved 1048576K
}
Event: 18443.546 GC heap after
{Heap after GC invocations=169 (full 3):
 PSYoungGen      total 10752K, used 1460K [0x00000000d5580000, 0x00000000d6180000, 0x0000000100000000)
  eden space 9216K, 0% used [0x00000000d5580000,0x00000000d5580000,0x00000000d5e80000)
  from space 1536K, 95% used [0x00000000d6000000,0x00000000d616d200,0x00000000d6180000)
  to   space 1536K, 0% used [0x00000000d5e80000,0x00000000d5e80000,0x00000000d6000000)
 ParOldGen       total 208896K, used 208643K [0x0000000080000000, 0x000000008cc00000, 0x00000000d5580000)
  object space 208896K, 99% used [0x0000000080000000,0x000000008cbc0ce0,0x000000008cc00000)
 Metaspace       used 68633K, committed 70336K, reserved 1114112K
  class space    used 7228K, committed 8000K, reserved 1048576K
}
Event: 18904.718 GC heap before
{Heap before GC invocations=170 (full 3):
 PSYoungGen      total 10752K, used 10676K [0x00000000d5580000, 0x00000000d6180000, 0x0000000100000000)
  eden space 9216K, 100% used [0x00000000d5580000,0x00000000d5e80000,0x00000000d5e80000)
  from space 1536K, 95% used [0x00000000d6000000,0x00000000d616d200,0x00000000d6180000)
  to   space 1536K, 0% used [0x00000000d5e80000,0x00000000d5e80000,0x00000000d6000000)
 ParOldGen       total 208896K, used 208643K [0x0000000080000000, 0x000000008cc00000, 0x00000000d5580000)
  object space 208896K, 99% used [0x0000000080000000,0x000000008cbc0ce0,0x000000008cc00000)
 Metaspace       used 68695K, committed 70464K, reserved 1114112K
  class space    used 7230K, committed 8000K, reserved 1048576K
}
Event: 18904.778 GC heap after
{Heap after GC invocations=170 (full 3):
 PSYoungGen      total 10752K, used 1012K [0x00000000d5580000, 0x00000000d6180000, 0x0000000100000000)
  eden space 9216K, 0% used [0x00000000d5580000,0x00000000d5580000,0x00000000d5e80000)
  from space 1536K, 65% used [0x00000000d5e80000,0x00000000d5f7d240,0x00000000d6000000)
  to   space 1536K, 0% used [0x00000000d6000000,0x00000000d6000000,0x00000000d6180000)
 ParOldGen       total 210432K, used 209920K [0x0000000080000000, 0x000000008cd80000, 0x00000000d5580000)
  object space 210432K, 99% used [0x0000000080000000,0x000000008cd00370,0x000000008cd80000)
 Metaspace       used 68695K, committed 70464K, reserved 1114112K
  class space    used 7230K, committed 8000K, reserved 1048576K
}

