# JRE version: OpenJDK Runtime Environment Temurin-21.0.8+9 (21.0.8+9) (build 21.0.8+9-LTS)
# Java VM: OpenJDK 64-Bit Server VM Temurin-21.0.8+9 (21.0.8+9-LTS, mixed mode, sharing, tiered, compressed oops, compressed class ptrs, parallel gc, windows-amd64)
GC Precious Log:
 CardTable entry size: 512
 CPUs: 12 total, 12 available
 Memory: 7381M
 Large Page Support: Disabled
 NUMA Support: Disabled
 Compressed Oops: Enabled (32-bit)
 Alignments: Space 512K, Generation 512K, Heap 2M
 Heap Min Capacity: 100M
 Heap Initial Capacity: 100M
 Heap Max Capacity: 2G
 Pre-touch: Disabled
 Parallel Workers: 10
Heap:
 PSYoungGen      total 17408K, used 13449K [0x00000000d5580000, 0x00000000d6900000, 0x0000000100000000)
  eden space 16896K, 76% used [0x00000000d5580000,0x00000000d6223300,0x00000000d6600000)
  from space 512K, 99% used [0x00000000d6880000,0x00000000d68ff450,0x00000000d6900000)
  to   space 1536K, 0% used [0x00000000d6600000,0x00000000d6600000,0x00000000d6780000)
 ParOldGen       total 68608K, used 51968K [0x0000000080000000, 0x0000000084300000, 0x00000000d5580000)
  object space 68608K, 75% used [0x0000000080000000,0x00000000832c0020,0x0000000084300000)
 Metaspace       used 57190K, committed 58624K, reserved 1114112K
  class space    used 6170K, committed 6784K, reserved 1048576K
GC Heap History (20 events):
Event: 7.047 GC heap before
{Heap before GC invocations=29 (full 2):
 PSYoungGen      total 17408K, used 17408K [0x00000000d5580000, 0x00000000d6d00000, 0x0000000100000000)
  eden space 16896K, 100% used [0x00000000d5580000,0x00000000d6600000,0x00000000d6600000)
  from space 512K, 100% used [0x00000000d6980000,0x00000000d6a00000,0x00000000d6a00000)
  to   space 3584K, 0% used [0x00000000d6600000,0x00000000d6600000,0x00000000d6980000)
 ParOldGen       total 68608K, used 42474K [0x0000000080000000, 0x0000000084300000, 0x00000000d5580000)
  object space 68608K, 61% used [0x0000000080000000,0x000000008297aba0,0x0000000084300000)
 Metaspace       used 48841K, committed 50240K, reserved 1114112K
  class space    used 5324K, committed 5952K, reserved 1048576K
}
Event: 7.050 GC heap after
{Heap after GC invocations=29 (full 2):
 PSYoungGen      total 18944K, used 1796K [0x00000000d5580000, 0x00000000d6b00000, 0x0000000100000000)
  eden space 16896K, 0% used [0x00000000d5580000,0x00000000d5580000,0x00000000d6600000)
  from space 2048K, 87% used [0x00000000d6600000,0x00000000d67c1000,0x00000000d6800000)
  to   space 2560K, 0% used [0x00000000d6880000,0x00000000d6880000,0x00000000d6b00000)
 ParOldGen       total 68608K, used 42993K [0x0000000080000000, 0x0000000084300000, 0x00000000d5580000)
  object space 68608K, 62% used [0x0000000080000000,0x00000000829fc550,0x0000000084300000)
 Metaspace       used 48841K, committed 50240K, reserved 1114112K
  class space    used 5324K, committed 5952K, reserved 1048576K
}
Event: 7.091 GC heap before
{Heap before GC invocations=30 (full 2):
 PSYoungGen      total 18944K, used 18692K [0x00000000d5580000, 0x00000000d6b00000, 0x0000000100000000)
  eden space 16896K, 100% used [0x00000000d5580000,0x00000000d6600000,0x00000000d6600000)
  from space 2048K, 87% used [0x00000000d6600000,0x00000000d67c1000,0x00000000d6800000)
  to   space 2560K, 0% used [0x00000000d6880000,0x00000000d6880000,0x00000000d6b00000)
 ParOldGen       total 68608K, used 42993K [0x0000000080000000, 0x0000000084300000, 0x00000000d5580000)
  object space 68608K, 62% used [0x0000000080000000,0x00000000829fc550,0x0000000084300000)
 Metaspace       used 48872K, committed 50304K, reserved 1114112K
  class space    used 5327K, committed 5952K, reserved 1048576K
}
Event: 7.094 GC heap after
{Heap after GC invocations=30 (full 2):
 PSYoungGen      total 18944K, used 1760K [0x00000000d5580000, 0x00000000d6a80000, 0x0000000100000000)
  eden space 16896K, 0% used [0x00000000d5580000,0x00000000d5580000,0x00000000d6600000)
  from space 2048K, 85% used [0x00000000d6880000,0x00000000d6a38010,0x00000000d6a80000)
  to   space 2048K, 0% used [0x00000000d6600000,0x00000000d6600000,0x00000000d6800000)
 ParOldGen       total 68608K, used 44647K [0x0000000080000000, 0x0000000084300000, 0x00000000d5580000)
  object space 68608K, 65% used [0x0000000080000000,0x0000000082b99d68,0x0000000084300000)
 Metaspace       used 48872K, committed 50304K, reserved 1114112K
  class space    used 5327K, committed 5952K, reserved 1048576K
}
Event: 7.127 GC heap before
{Heap before GC invocations=31 (full 2):
 PSYoungGen      total 18944K, used 18656K [0x00000000d5580000, 0x00000000d6a80000, 0x0000000100000000)
  eden space 16896K, 100% used [0x00000000d5580000,0x00000000d6600000,0x00000000d6600000)
  from space 2048K, 85% used [0x00000000d6880000,0x00000000d6a38010,0x00000000d6a80000)
  to   space 2048K, 0% used [0x00000000d6600000,0x00000000d6600000,0x00000000d6800000)
 ParOldGen       total 68608K, used 44647K [0x0000000080000000, 0x0000000084300000, 0x00000000d5580000)
  object space 68608K, 65% used [0x0000000080000000,0x0000000082b99d68,0x0000000084300000)
 Metaspace       used 48891K, committed 50304K, reserved 1114112K
  class space    used 5327K, committed 5952K, reserved 1048576K
}
Event: 7.130 GC heap after
{Heap after GC invocations=31 (full 2):
 PSYoungGen      total 18944K, used 1568K [0x00000000d5580000, 0x00000000d6a00000, 0x0000000100000000)
  eden space 16896K, 0% used [0x00000000d5580000,0x00000000d5580000,0x00000000d6600000)
  from space 2048K, 76% used [0x00000000d6600000,0x00000000d6788000,0x00000000d6800000)
  to   space 2048K, 0% used [0x00000000d6800000,0x00000000d6800000,0x00000000d6a00000)
 ParOldGen       total 68608K, used 46335K [0x0000000080000000, 0x0000000084300000, 0x00000000d5580000)
  object space 68608K, 67% used [0x0000000080000000,0x0000000082d3fd78,0x0000000084300000)
 Metaspace       used 48891K, committed 50304K, reserved 1114112K
  class space    used 5327K, committed 5952K, reserved 1048576K
}
Event: 7.218 GC heap before
{Heap before GC invocations=32 (full 2):
 PSYoungGen      total 18944K, used 18464K [0x00000000d5580000, 0x00000000d6a00000, 0x0000000100000000)
  eden space 16896K, 100% used [0x00000000d5580000,0x00000000d6600000,0x00000000d6600000)
  from space 2048K, 76% used [0x00000000d6600000,0x00000000d6788000,0x00000000d6800000)
  to   space 2048K, 0% used [0x00000000d6800000,0x00000000d6800000,0x00000000d6a00000)
 ParOldGen       total 68608K, used 46335K [0x0000000080000000, 0x0000000084300000, 0x00000000d5580000)
  object space 68608K, 67% used [0x0000000080000000,0x0000000082d3fd78,0x0000000084300000)
 Metaspace       used 49197K, committed 50560K, reserved 1114112K
  class space    used 5368K, committed 5952K, reserved 1048576K
}
Event: 7.222 GC heap after
{Heap after GC invocations=32 (full 2):
 PSYoungGen      total 18944K, used 1504K [0x00000000d5580000, 0x00000000d6a00000, 0x0000000100000000)
  eden space 16896K, 0% used [0x00000000d5580000,0x00000000d5580000,0x00000000d6600000)
  from space 2048K, 73% used [0x00000000d6800000,0x00000000d6978000,0x00000000d6a00000)
  to   space 2048K, 0% used [0x00000000d6600000,0x00000000d6600000,0x00000000d6800000)
 ParOldGen       total 68608K, used 47791K [0x0000000080000000, 0x0000000084300000, 0x00000000d5580000)
  object space 68608K, 69% used [0x0000000080000000,0x0000000082eabf78,0x0000000084300000)
 Metaspace       used 49197K, committed 50560K, reserved 1114112K
  class space    used 5368K, committed 5952K, reserved 1048576K
}
Event: 7.553 GC heap before
{Heap before GC invocations=33 (full 2):
 PSYoungGen      total 18944K, used 18400K [0x00000000d5580000, 0x00000000d6a00000, 0x0000000100000000)
  eden space 16896K, 100% used [0x00000000d5580000,0x00000000d6600000,0x00000000d6600000)
  from space 2048K, 73% used [0x00000000d6800000,0x00000000d6978000,0x00000000d6a00000)
  to   space 2048K, 0% used [0x00000000d6600000,0x00000000d6600000,0x00000000d6800000)
 ParOldGen       total 68608K, used 47791K [0x0000000080000000, 0x0000000084300000, 0x00000000d5580000)
  object space 68608K, 69% used [0x0000000080000000,0x0000000082eabf78,0x0000000084300000)
 Metaspace       used 50842K, committed 52288K, reserved 1114112K
  class space    used 5585K, committed 6208K, reserved 1048576K
}
Event: 7.557 GC heap after
{Heap after GC invocations=33 (full 2):
 PSYoungGen      total 17920K, used 600K [0x00000000d5580000, 0x00000000d6880000, 0x0000000100000000)
  eden space 16896K, 0% used [0x00000000d5580000,0x00000000d5580000,0x00000000d6600000)
  from space 1024K, 58% used [0x00000000d6600000,0x00000000d66960c0,0x00000000d6700000)
  to   space 1024K, 0% used [0x00000000d6780000,0x00000000d6780000,0x00000000d6880000)
 ParOldGen       total 68608K, used 49088K [0x0000000080000000, 0x0000000084300000, 0x00000000d5580000)
  object space 68608K, 71% used [0x0000000080000000,0x0000000082ff0258,0x0000000084300000)
 Metaspace       used 50842K, committed 52288K, reserved 1114112K
  class space    used 5585K, committed 6208K, reserved 1048576K
}
Event: 7.892 GC heap before
{Heap before GC invocations=34 (full 2):
 PSYoungGen      total 17920K, used 17496K [0x00000000d5580000, 0x00000000d6880000, 0x0000000100000000)
  eden space 16896K, 100% used [0x00000000d5580000,0x00000000d6600000,0x00000000d6600000)
  from space 1024K, 58% used [0x00000000d6600000,0x00000000d66960c0,0x00000000d6700000)
  to   space 1024K, 0% used [0x00000000d6780000,0x00000000d6780000,0x00000000d6880000)
 ParOldGen       total 68608K, used 49088K [0x0000000080000000, 0x0000000084300000, 0x00000000d5580000)
  object space 68608K, 71% used [0x0000000080000000,0x0000000082ff0258,0x0000000084300000)
 Metaspace       used 51653K, committed 52992K, reserved 1114112K
  class space    used 5675K, committed 6272K, reserved 1048576K
}
Event: 7.893 GC heap after
{Heap after GC invocations=34 (full 2):
 PSYoungGen      total 17408K, used 448K [0x00000000d5580000, 0x00000000d6800000, 0x0000000100000000)
  eden space 16896K, 0% used [0x00000000d5580000,0x00000000d5580000,0x00000000d6600000)
  from space 512K, 87% used [0x00000000d6780000,0x00000000d67f0000,0x00000000d6800000)
  to   space 1024K, 0% used [0x00000000d6600000,0x00000000d6600000,0x00000000d6700000)
 ParOldGen       total 68608K, used 49536K [0x0000000080000000, 0x0000000084300000, 0x00000000d5580000)
  object space 68608K, 72% used [0x0000000080000000,0x0000000083060180,0x0000000084300000)
 Metaspace       used 51653K, committed 52992K, reserved 1114112K
  class space    used 5675K, committed 6272K, reserved 1048576K
}
Event: 8.135 GC heap before
{Heap before GC invocations=35 (full 2):
 PSYoungGen      total 17408K, used 17335K [0x00000000d5580000, 0x00000000d6800000, 0x0000000100000000)
  eden space 16896K, 99% used [0x00000000d5580000,0x00000000d65fdfe8,0x00000000d6600000)
  from space 512K, 87% used [0x00000000d6780000,0x00000000d67f0000,0x00000000d6800000)
  to   space 1024K, 0% used [0x00000000d6600000,0x00000000d6600000,0x00000000d6700000)
 ParOldGen       total 68608K, used 49536K [0x0000000080000000, 0x0000000084300000, 0x00000000d5580000)
  object space 68608K, 72% used [0x0000000080000000,0x0000000083060180,0x0000000084300000)
 Metaspace       used 52897K, committed 54272K, reserved 1114112K
  class space    used 5795K, committed 6400K, reserved 1048576K
}
Event: 8.137 GC heap after
{Heap after GC invocations=35 (full 2):
 PSYoungGen      total 17920K, used 1022K [0x00000000d5580000, 0x00000000d6b00000, 0x0000000100000000)
  eden space 16896K, 0% used [0x00000000d5580000,0x00000000d5580000,0x00000000d6600000)
  from space 1024K, 99% used [0x00000000d6600000,0x00000000d66ff958,0x00000000d6700000)
  to   space 2560K, 0% used [0x00000000d6880000,0x00000000d6880000,0x00000000d6b00000)
 ParOldGen       total 68608K, used 50528K [0x0000000080000000, 0x0000000084300000, 0x00000000d5580000)
  object space 68608K, 73% used [0x0000000080000000,0x0000000083158370,0x0000000084300000)
 Metaspace       used 52897K, committed 54272K, reserved 1114112K
  class space    used 5795K, committed 6400K, reserved 1048576K
}
Event: 8.199 GC heap before
{Heap before GC invocations=36 (full 2):
 PSYoungGen      total 17920K, used 17915K [0x00000000d5580000, 0x00000000d6b00000, 0x0000000100000000)
  eden space 16896K, 99% used [0x00000000d5580000,0x00000000d65ff3f0,0x00000000d6600000)
  from space 1024K, 99% used [0x00000000d6600000,0x00000000d66ff958,0x00000000d6700000)
  to   space 2560K, 0% used [0x00000000d6880000,0x00000000d6880000,0x00000000d6b00000)
 ParOldGen       total 68608K, used 50528K [0x0000000080000000, 0x0000000084300000, 0x00000000d5580000)
  object space 68608K, 73% used [0x0000000080000000,0x0000000083158370,0x0000000084300000)
 Metaspace       used 52915K, committed 54336K, reserved 1114112K
  class space    used 5795K, committed 6400K, reserved 1048576K
}
Event: 8.200 GC heap after
{Heap after GC invocations=36 (full 2):
 PSYoungGen      total 17408K, used 416K [0x00000000d5580000, 0x00000000d6900000, 0x0000000100000000)
  eden space 16896K, 0% used [0x00000000d5580000,0x00000000d5580000,0x00000000d6600000)
  from space 512K, 81% used [0x00000000d6880000,0x00000000d68e83d8,0x00000000d6900000)
  to   space 1024K, 0% used [0x00000000d6700000,0x00000000d6700000,0x00000000d6800000)
 ParOldGen       total 68608K, used 51182K [0x0000000080000000, 0x0000000084300000, 0x00000000d5580000)
  object space 68608K, 74% used [0x0000000080000000,0x00000000831fba60,0x0000000084300000)
 Metaspace       used 52915K, committed 54336K, reserved 1114112K
  class space    used 5795K, committed 6400K, reserved 1048576K
}
Event: 8.268 GC heap before
{Heap before GC invocations=37 (full 2):
 PSYoungGen      total 17408K, used 17312K [0x00000000d5580000, 0x00000000d6900000, 0x0000000100000000)
  eden space 16896K, 100% used [0x00000000d5580000,0x00000000d6600000,0x00000000d6600000)
  from space 512K, 81% used [0x00000000d6880000,0x00000000d68e83d8,0x00000000d6900000)
  to   space 1024K, 0% used [0x00000000d6700000,0x00000000d6700000,0x00000000d6800000)
 ParOldGen       total 68608K, used 51182K [0x0000000080000000, 0x0000000084300000, 0x00000000d5580000)
  object space 68608K, 74% used [0x0000000080000000,0x00000000831fba60,0x0000000084300000)
 Metaspace       used 53508K, committed 54912K, reserved 1114112K
  class space    used 5843K, committed 6464K, reserved 1048576K
}
Event: 8.269 GC heap after
{Heap after GC invocations=37 (full 2):
 PSYoungGen      total 17920K, used 224K [0x00000000d5580000, 0x00000000d6900000, 0x0000000100000000)
  eden space 16896K, 0% used [0x00000000d5580000,0x00000000d5580000,0x00000000d6600000)
  from space 1024K, 21% used [0x00000000d6700000,0x00000000d6738000,0x00000000d6800000)
  to   space 512K, 0% used [0x00000000d6880000,0x00000000d6880000,0x00000000d6900000)
 ParOldGen       total 68608K, used 51206K [0x0000000080000000, 0x0000000084300000, 0x00000000d5580000)
  object space 68608K, 74% used [0x0000000080000000,0x0000000083201a60,0x0000000084300000)
 Metaspace       used 53508K, committed 54912K, reserved 1114112K
  class space    used 5843K, committed 6464K, reserved 1048576K
}
Event: 8.670 GC heap before
{Heap before GC invocations=38 (full 2):
 PSYoungGen      total 17920K, used 17120K [0x00000000d5580000, 0x00000000d6900000, 0x0000000100000000)
  eden space 16896K, 100% used [0x00000000d5580000,0x00000000d6600000,0x00000000d6600000)
  from space 1024K, 21% used [0x00000000d6700000,0x00000000d6738000,0x00000000d6800000)
  to   space 512K, 0% used [0x00000000d6880000,0x00000000d6880000,0x00000000d6900000)
 ParOldGen       total 68608K, used 51206K [0x0000000080000000, 0x0000000084300000, 0x00000000d5580000)
  object space 68608K, 74% used [0x0000000080000000,0x0000000083201a60,0x0000000084300000)
 Metaspace       used 55921K, committed 57280K, reserved 1114112K
  class space    used 6044K, committed 6656K, reserved 1048576K
}
Event: 8.672 GC heap after
{Heap after GC invocations=38 (full 2):
 PSYoungGen      total 17408K, used 509K [0x00000000d5580000, 0x00000000d6900000, 0x0000000100000000)
  eden space 16896K, 0% used [0x00000000d5580000,0x00000000d5580000,0x00000000d6600000)
  from space 512K, 99% used [0x00000000d6880000,0x00000000d68ff450,0x00000000d6900000)
  to   space 1536K, 0% used [0x00000000d6600000,0x00000000d6600000,0x00000000d6780000)
 ParOldGen       total 68608K, used 51968K [0x0000000080000000, 0x0000000084300000, 0x00000000d5580000)
  object space 68608K, 75% used [0x0000000080000000,0x00000000832c0020,0x0000000084300000)
 Metaspace       used 55921K, committed 57280K, reserved 1114112K
  class space    used 6044K, committed 6656K, reserved 1048576K
}

